2025-10-28 00:25:01.650 [background-preinit] INFO  o.h.validator.internal.util.Version - HV000001: Hibernate Validator 8.0.3.Final
2025-10-28 00:25:01.700 [main] INFO  b.c.d.a.DesbravadoresApiApplication - Starting DesbravadoresApiApplication using Java 21.0.8 with PID 9968 (C:\Users\Silas\Desktop\DesbravadoresTeste\desbravadores-api\target\classes started by Silas in C:\Users\Silas\Desktop\DesbravadoresTeste)
2025-10-28 00:25:01.701 [main] INFO  b.c.d.a.DesbravadoresApiApplication - No active profile set, falling back to 1 default profile: "default"
2025-10-28 00:25:02.472 [main] INFO  o.s.d.r.c.RepositoryConfigurationDelegate - Bootstrapping Spring Data JPA repositories in DEFAULT mode.
2025-10-28 00:25:02.525 [main] INFO  o.s.d.r.c.RepositoryConfigurationDelegate - Finished Spring Data repository scanning in 44 ms. Found 9 JPA repository interfaces.
2025-10-28 00:25:03.353 [main] INFO  o.s.b.w.e.tomcat.TomcatWebServer - Tomcat initialized with port 8080 (http)
2025-10-28 00:25:03.366 [main] INFO  o.a.coyote.http11.Http11NioProtocol - Initializing ProtocolHandler ["http-nio-8080"]
2025-10-28 00:25:03.368 [main] INFO  o.a.catalina.core.StandardService - Starting service [Tomcat]
2025-10-28 00:25:03.369 [main] INFO  o.a.catalina.core.StandardEngine - Starting Servlet engine: [Apache Tomcat/10.1.46]
2025-10-28 00:25:03.431 [main] INFO  o.a.c.c.C.[Tomcat].[localhost].[/] - Initializing Spring embedded WebApplicationContext
2025-10-28 00:25:03.432 [main] INFO  o.s.b.w.s.c.ServletWebServerApplicationContext - Root WebApplicationContext: initialization completed in 1686 ms
2025-10-28 00:25:03.609 [main] INFO  o.h.jpa.internal.util.LogHelper - HHH000204: Processing PersistenceUnitInfo [name: default]
2025-10-28 00:25:03.669 [main] INFO  org.hibernate.Version - HHH000412: Hibernate ORM core version 6.6.29.Final
2025-10-28 00:25:03.710 [main] INFO  o.h.c.i.RegionFactoryInitiator - HHH000026: Second-level cache disabled
2025-10-28 00:25:03.980 [main] INFO  o.s.o.j.p.SpringPersistenceUnitInfo - No LoadTimeWeaver setup: ignoring JPA class transformer
2025-10-28 00:25:04.007 [main] INFO  com.zaxxer.hikari.HikariDataSource - HikariPool-1 - Starting...
2025-10-28 00:25:04.162 [main] INFO  com.zaxxer.hikari.pool.HikariPool - HikariPool-1 - Added connection com.mysql.cj.jdbc.ConnectionImpl@37c87fcc
2025-10-28 00:25:04.164 [main] INFO  com.zaxxer.hikari.HikariDataSource - HikariPool-1 - Start completed.
2025-10-28 00:25:04.200 [main] WARN  org.hibernate.dialect.Dialect - HHH000511: The 5.5.5 version for [org.hibernate.dialect.MySQLDialect] is no longer supported, hence certain features may not work properly. The minimum supported version is 8.0.0. Check the community dialects project for available legacy versions.
2025-10-28 00:25:04.204 [main] WARN  org.hibernate.orm.deprecation - HHH90000025: MySQLDialect does not need to be specified explicitly using 'hibernate.dialect' (remove the property setting and it will be selected by default)
2025-10-28 00:25:04.221 [main] INFO  o.hibernate.orm.connections.pooling - HHH10001005: Database info:
	Database JDBC URL [Connecting through datasource 'HikariDataSource (HikariPool-1)']
	Database driver: undefined/unknown
	Database version: 5.5.5
	Autocommit mode: undefined/unknown
	Isolation level: undefined/unknown
	Minimum pool size: undefined/unknown
	Maximum pool size: undefined/unknown
2025-10-28 00:25:05.022 [main] INFO  o.h.e.t.j.p.i.JtaPlatformInitiator - HHH000489: No JTA platform available (set 'hibernate.transaction.jta.platform' to enable JTA platform integration)
2025-10-28 00:25:05.126 [main] DEBUG org.hibernate.SQL - 
    create table notifications (
        id bigint not null auto_increment,
        created_at datetime(6) not null,
        is_read bit not null,
        message varchar(255) not null,
        user_id bigint not null,
        primary key (id)
    ) engine=InnoDB
2025-10-28 00:25:05.180 [main] DEBUG org.hibernate.SQL - 
    alter table notifications 
       add constraint FK9y21adhxn0ayjhfocscqox7bh 
       foreign key (user_id) 
       references users (id)
2025-10-28 00:25:05.232 [main] INFO  o.s.o.j.LocalContainerEntityManagerFactoryBean - Initialized JPA EntityManagerFactory for persistence unit 'default'
2025-10-28 00:25:05.551 [main] WARN  o.s.b.w.s.c.AnnotationConfigServletWebServerApplicationContext - Exception encountered during context initialization - cancelling refresh attempt: org.springframework.beans.factory.UnsatisfiedDependencyException: Error creating bean with name 'achievementController': Unsatisfied dependency expressed through field 'fileStorageService': Error creating bean with name 'fileStorageService' defined in file [C:\Users\Silas\Desktop\DesbravadoresTeste\desbravadores-api\target\classes\br\com\desbravadores\api\service\FileStorageService.class]: Failed to instantiate [br.com.desbravadores.api.service.FileStorageService]: Constructor threw exception
2025-10-28 00:25:05.552 [main] INFO  o.s.o.j.LocalContainerEntityManagerFactoryBean - Closing JPA EntityManagerFactory for persistence unit 'default'
2025-10-28 00:25:05.554 [main] INFO  com.zaxxer.hikari.HikariDataSource - HikariPool-1 - Shutdown initiated...
2025-10-28 00:25:05.560 [main] INFO  com.zaxxer.hikari.HikariDataSource - HikariPool-1 - Shutdown completed.
2025-10-28 00:25:05.561 [main] INFO  o.a.catalina.core.StandardService - Stopping service [Tomcat]
2025-10-28 00:25:05.570 [main] INFO  o.s.b.a.l.ConditionEvaluationReportLogger - 

Error starting ApplicationContext. To display the condition evaluation report re-run your application with 'debug' enabled.
2025-10-28 00:25:05.587 [main] ERROR o.s.boot.SpringApplication - Application run failed
org.springframework.beans.factory.UnsatisfiedDependencyException: Error creating bean with name 'achievementController': Unsatisfied dependency expressed through field 'fileStorageService': Error creating bean with name 'fileStorageService' defined in file [C:\Users\Silas\Desktop\DesbravadoresTeste\desbravadores-api\target\classes\br\com\desbravadores\api\service\FileStorageService.class]: Failed to instantiate [br.com.desbravadores.api.service.FileStorageService]: Constructor threw exception
	at org.springframework.beans.factory.annotation.AutowiredAnnotationBeanPostProcessor$AutowiredFieldElement.resolveFieldValue(AutowiredAnnotationBeanPostProcessor.java:788)
	at org.springframework.beans.factory.annotation.AutowiredAnnotationBeanPostProcessor$AutowiredFieldElement.inject(AutowiredAnnotationBeanPostProcessor.java:768)
	at org.springframework.beans.factory.annotation.InjectionMetadata.inject(InjectionMetadata.java:146)
	at org.springframework.beans.factory.annotation.AutowiredAnnotationBeanPostProcessor.postProcessProperties(AutowiredAnnotationBeanPostProcessor.java:509)
	at org.springframework.beans.factory.support.AbstractAutowireCapableBeanFactory.populateBean(AbstractAutowireCapableBeanFactory.java:1459)
	at org.springframework.beans.factory.support.AbstractAutowireCapableBeanFactory.doCreateBean(AbstractAutowireCapableBeanFactory.java:606)
	at org.springframework.beans.factory.support.AbstractAutowireCapableBeanFactory.createBean(AbstractAutowireCapableBeanFactory.java:529)
	at org.springframework.beans.factory.support.AbstractBeanFactory.lambda$doGetBean$0(AbstractBeanFactory.java:339)
	at org.springframework.beans.factory.support.DefaultSingletonBeanRegistry.getSingleton(DefaultSingletonBeanRegistry.java:373)
	at org.springframework.beans.factory.support.AbstractBeanFactory.doGetBean(AbstractBeanFactory.java:337)
	at org.springframework.beans.factory.support.AbstractBeanFactory.getBean(AbstractBeanFactory.java:202)
	at org.springframework.beans.factory.support.DefaultListableBeanFactory.instantiateSingleton(DefaultListableBeanFactory.java:1221)
	at org.springframework.beans.factory.support.DefaultListableBeanFactory.preInstantiateSingleton(DefaultListableBeanFactory.java:1187)
	at org.springframework.beans.factory.support.DefaultListableBeanFactory.preInstantiateSingletons(DefaultListableBeanFactory.java:1123)
	at org.springframework.context.support.AbstractApplicationContext.finishBeanFactoryInitialization(AbstractApplicationContext.java:987)
	at org.springframework.context.support.AbstractApplicationContext.refresh(AbstractApplicationContext.java:627)
	at org.springframework.boot.web.servlet.context.ServletWebServerApplicationContext.refresh(ServletWebServerApplicationContext.java:146)
	at org.springframework.boot.SpringApplication.refresh(SpringApplication.java:752)
	at org.springframework.boot.SpringApplication.refreshContext(SpringApplication.java:439)
	at org.springframework.boot.SpringApplication.run(SpringApplication.java:318)
	at org.springframework.boot.SpringApplication.run(SpringApplication.java:1361)
	at org.springframework.boot.SpringApplication.run(SpringApplication.java:1350)
	at br.com.desbravadores.api.DesbravadoresApiApplication.main(DesbravadoresApiApplication.java:16)
Caused by: org.springframework.beans.factory.BeanCreationException: Error creating bean with name 'fileStorageService' defined in file [C:\Users\Silas\Desktop\DesbravadoresTeste\desbravadores-api\target\classes\br\com\desbravadores\api\service\FileStorageService.class]: Failed to instantiate [br.com.desbravadores.api.service.FileStorageService]: Constructor threw exception
	at org.springframework.beans.factory.support.ConstructorResolver.instantiate(ConstructorResolver.java:321)
	at org.springframework.beans.factory.support.ConstructorResolver.autowireConstructor(ConstructorResolver.java:309)
	at org.springframework.beans.factory.support.AbstractAutowireCapableBeanFactory.autowireConstructor(AbstractAutowireCapableBeanFactory.java:1395)
	at org.springframework.beans.factory.support.AbstractAutowireCapableBeanFactory.createBeanInstance(AbstractAutowireCapableBeanFactory.java:1232)
	at org.springframework.beans.factory.support.AbstractAutowireCapableBeanFactory.doCreateBean(AbstractAutowireCapableBeanFactory.java:569)
	at org.springframework.beans.factory.support.AbstractAutowireCapableBeanFactory.createBean(AbstractAutowireCapableBeanFactory.java:529)
	at org.springframework.beans.factory.support.AbstractBeanFactory.lambda$doGetBean$0(AbstractBeanFactory.java:339)
	at org.springframework.beans.factory.support.DefaultSingletonBeanRegistry.getSingleton(DefaultSingletonBeanRegistry.java:373)
	at org.springframework.beans.factory.support.AbstractBeanFactory.doGetBean(AbstractBeanFactory.java:337)
	at org.springframework.beans.factory.support.AbstractBeanFactory.getBean(AbstractBeanFactory.java:202)
	at org.springframework.beans.factory.support.DefaultListableBeanFactory.doResolveDependency(DefaultListableBeanFactory.java:1698)
	at org.springframework.beans.factory.support.DefaultListableBeanFactory.resolveDependency(DefaultListableBeanFactory.java:1643)
	at org.springframework.beans.factory.annotation.AutowiredAnnotationBeanPostProcessor$AutowiredFieldElement.resolveFieldValue(AutowiredAnnotationBeanPostProcessor.java:785)
	... 22 common frames omitted
Caused by: org.springframework.beans.BeanInstantiationException: Failed to instantiate [br.com.desbravadores.api.service.FileStorageService]: Constructor threw exception
	at org.springframework.beans.BeanUtils.instantiateClass(BeanUtils.java:223)
	at org.springframework.beans.factory.support.SimpleInstantiationStrategy.instantiate(SimpleInstantiationStrategy.java:146)
	at org.springframework.beans.factory.support.ConstructorResolver.instantiate(ConstructorResolver.java:318)
	... 34 common frames omitted
Caused by: java.nio.file.InvalidPathException: Illegal char <"> at index 25: uploads # Corrigido para "uploads" conforme MvcConfig.java
	at java.base/sun.nio.fs.WindowsPathParser.normalize(Unknown Source)
	at java.base/sun.nio.fs.WindowsPathParser.parse(Unknown Source)
	at java.base/sun.nio.fs.WindowsPathParser.parse(Unknown Source)
	at java.base/sun.nio.fs.WindowsPath.parse(Unknown Source)
	at java.base/sun.nio.fs.WindowsFileSystem.getPath(Unknown Source)
	at java.base/java.nio.file.Path.of(Unknown Source)
	at java.base/java.nio.file.Paths.get(Unknown Source)
	at br.com.desbravadores.api.service.FileStorageService.<init>(FileStorageService.java:21)
	at java.base/jdk.internal.reflect.DirectConstructorHandleAccessor.newInstance(Unknown Source)
	at java.base/java.lang.reflect.Constructor.newInstanceWithCaller(Unknown Source)
	at java.base/java.lang.reflect.Constructor.newInstance(Unknown Source)
	at org.springframework.beans.BeanUtils.instantiateClass(BeanUtils.java:210)
	... 36 common frames omitted
2025-10-28 00:27:21.083 [background-preinit] INFO  o.h.validator.internal.util.Version - HV000001: Hibernate Validator 8.0.3.Final
2025-10-28 00:27:21.130 [main] INFO  b.c.d.a.DesbravadoresApiApplication - Starting DesbravadoresApiApplication using Java 21.0.8 with PID 22920 (C:\Users\Silas\Desktop\DesbravadoresTeste\desbravadores-api\target\classes started by Silas in C:\Users\Silas\Desktop\DesbravadoresTeste)
2025-10-28 00:27:21.131 [main] INFO  b.c.d.a.DesbravadoresApiApplication - No active profile set, falling back to 1 default profile: "default"
2025-10-28 00:27:21.619 [main] INFO  o.s.d.r.c.RepositoryConfigurationDelegate - Bootstrapping Spring Data JPA repositories in DEFAULT mode.
2025-10-28 00:27:21.674 [main] INFO  o.s.d.r.c.RepositoryConfigurationDelegate - Finished Spring Data repository scanning in 47 ms. Found 9 JPA repository interfaces.
2025-10-28 00:27:22.406 [main] INFO  o.s.b.w.e.tomcat.TomcatWebServer - Tomcat initialized with port 8080 (http)
2025-10-28 00:27:22.418 [main] INFO  o.a.coyote.http11.Http11NioProtocol - Initializing ProtocolHandler ["http-nio-8080"]
2025-10-28 00:27:22.421 [main] INFO  o.a.catalina.core.StandardService - Starting service [Tomcat]
2025-10-28 00:27:22.421 [main] INFO  o.a.catalina.core.StandardEngine - Starting Servlet engine: [Apache Tomcat/10.1.46]
2025-10-28 00:27:22.477 [main] INFO  o.a.c.c.C.[Tomcat].[localhost].[/] - Initializing Spring embedded WebApplicationContext
2025-10-28 00:27:22.478 [main] INFO  o.s.b.w.s.c.ServletWebServerApplicationContext - Root WebApplicationContext: initialization completed in 1306 ms
2025-10-28 00:27:22.643 [main] INFO  o.h.jpa.internal.util.LogHelper - HHH000204: Processing PersistenceUnitInfo [name: default]
2025-10-28 00:27:22.687 [main] INFO  org.hibernate.Version - HHH000412: Hibernate ORM core version 6.6.29.Final
2025-10-28 00:27:22.719 [main] INFO  o.h.c.i.RegionFactoryInitiator - HHH000026: Second-level cache disabled
2025-10-28 00:27:22.960 [main] INFO  o.s.o.j.p.SpringPersistenceUnitInfo - No LoadTimeWeaver setup: ignoring JPA class transformer
2025-10-28 00:27:22.986 [main] INFO  com.zaxxer.hikari.HikariDataSource - HikariPool-1 - Starting...
2025-10-28 00:27:23.123 [main] INFO  com.zaxxer.hikari.pool.HikariPool - HikariPool-1 - Added connection com.mysql.cj.jdbc.ConnectionImpl@70ee1963
2025-10-28 00:27:23.124 [main] INFO  com.zaxxer.hikari.HikariDataSource - HikariPool-1 - Start completed.
2025-10-28 00:27:23.156 [main] WARN  org.hibernate.dialect.Dialect - HHH000511: The 5.5.5 version for [org.hibernate.dialect.MySQLDialect] is no longer supported, hence certain features may not work properly. The minimum supported version is 8.0.0. Check the community dialects project for available legacy versions.
2025-10-28 00:27:23.159 [main] WARN  org.hibernate.orm.deprecation - HHH90000025: MySQLDialect does not need to be specified explicitly using 'hibernate.dialect' (remove the property setting and it will be selected by default)
2025-10-28 00:27:23.176 [main] INFO  o.hibernate.orm.connections.pooling - HHH10001005: Database info:
	Database JDBC URL [Connecting through datasource 'HikariDataSource (HikariPool-1)']
	Database driver: undefined/unknown
	Database version: 5.5.5
	Autocommit mode: undefined/unknown
	Isolation level: undefined/unknown
	Minimum pool size: undefined/unknown
	Maximum pool size: undefined/unknown
2025-10-28 00:27:23.969 [main] INFO  o.h.e.t.j.p.i.JtaPlatformInitiator - HHH000489: No JTA platform available (set 'hibernate.transaction.jta.platform' to enable JTA platform integration)
2025-10-28 00:27:24.092 [main] INFO  o.s.o.j.LocalContainerEntityManagerFactoryBean - Initialized JPA EntityManagerFactory for persistence unit 'default'
2025-10-28 00:27:24.656 [main] WARN  o.s.b.a.o.j.JpaBaseConfiguration$JpaWebConfiguration - spring.jpa.open-in-view is enabled by default. Therefore, database queries may be performed during view rendering. Explicitly configure spring.jpa.open-in-view to disable this warning
2025-10-28 00:27:25.117 [main] INFO  o.a.coyote.http11.Http11NioProtocol - Starting ProtocolHandler ["http-nio-8080"]
2025-10-28 00:27:25.134 [main] INFO  o.s.b.w.e.tomcat.TomcatWebServer - Tomcat started on port 8080 (http) with context path '/'
2025-10-28 00:27:25.140 [main] INFO  b.c.d.a.DesbravadoresApiApplication - Started DesbravadoresApiApplication in 4.476 seconds (process running for 4.757)
2025-10-28 00:27:25.262 [main] DEBUG org.hibernate.SQL - 
    select
        u1_0.id,
        u1_0.avatar,
        u1_0.email,
        u1_0.group_id,
        u1_0.level,
        u1_0.name,
        u1_0.password,
        u1_0.role,
        u1_0.selected_background_id,
        u1_0.surname,
        u1_0.xp 
    from
        users u1_0 
    where
        u1_0.email=?
2025-10-28 00:27:25.264 [main] TRACE org.hibernate.orm.jdbc.bind - binding parameter (1:VARCHAR) <- [adm@gmail.com]
2025-10-28 00:27:40.029 [http-nio-8080-exec-3] INFO  o.a.c.c.C.[Tomcat].[localhost].[/] - Initializing Spring DispatcherServlet 'dispatcherServlet'
2025-10-28 00:27:40.030 [http-nio-8080-exec-3] INFO  o.s.web.servlet.DispatcherServlet - Initializing Servlet 'dispatcherServlet'
2025-10-28 00:27:40.031 [http-nio-8080-exec-3] INFO  o.s.web.servlet.DispatcherServlet - Completed initialization in 1 ms
2025-10-28 00:27:57.229 [http-nio-8080-exec-7] DEBUG org.hibernate.SQL - 
    select
        u1_0.id,
        u1_0.avatar,
        u1_0.email,
        u1_0.group_id,
        u1_0.level,
        u1_0.name,
        u1_0.password,
        u1_0.role,
        u1_0.selected_background_id,
        u1_0.surname,
        u1_0.xp 
    from
        users u1_0 
    where
        u1_0.email=?
2025-10-28 00:27:57.231 [http-nio-8080-exec-7] TRACE org.hibernate.orm.jdbc.bind - binding parameter (1:VARCHAR) <- [adm@gmail.com]
2025-10-28 00:27:57.298 [http-nio-8080-exec-7] DEBUG org.hibernate.SQL - 
    select
        u1_0.id,
        u1_0.avatar,
        u1_0.email,
        u1_0.group_id,
        u1_0.level,
        u1_0.name,
        u1_0.password,
        u1_0.role,
        u1_0.selected_background_id,
        u1_0.surname,
        u1_0.xp 
    from
        users u1_0 
    where
        u1_0.email=?
2025-10-28 00:27:57.299 [http-nio-8080-exec-7] TRACE org.hibernate.orm.jdbc.bind - binding parameter (1:VARCHAR) <- [adm@gmail.com]
2025-10-28 00:27:57.556 [http-nio-8080-exec-5] DEBUG org.hibernate.SQL - 
    select
        u1_0.id,
        u1_0.avatar,
        u1_0.email,
        u1_0.group_id,
        u1_0.level,
        u1_0.name,
        u1_0.password,
        u1_0.role,
        u1_0.selected_background_id,
        u1_0.surname,
        u1_0.xp 
    from
        users u1_0 
    where
        u1_0.email=?
2025-10-28 00:27:57.556 [http-nio-8080-exec-10] DEBUG org.hibernate.SQL - 
    select
        u1_0.id,
        u1_0.avatar,
        u1_0.email,
        u1_0.group_id,
        u1_0.level,
        u1_0.name,
        u1_0.password,
        u1_0.role,
        u1_0.selected_background_id,
        u1_0.surname,
        u1_0.xp 
    from
        users u1_0 
    where
        u1_0.email=?
2025-10-28 00:27:57.562 [http-nio-8080-exec-5] TRACE org.hibernate.orm.jdbc.bind - binding parameter (1:VARCHAR) <- [adm@gmail.com]
2025-10-28 00:27:57.564 [http-nio-8080-exec-10] TRACE org.hibernate.orm.jdbc.bind - binding parameter (1:VARCHAR) <- [adm@gmail.com]
2025-10-28 00:27:57.602 [http-nio-8080-exec-10] DEBUG org.hibernate.SQL - 
    select
        g1_0.id,
        g1_0.leader_id,
        g1_0.name 
    from
        groups g1_0 
    limit
        ?, ?
2025-10-28 00:27:57.603 [http-nio-8080-exec-10] TRACE org.hibernate.orm.jdbc.bind - binding parameter (1:INTEGER) <- [0]
2025-10-28 00:27:57.603 [http-nio-8080-exec-10] TRACE org.hibernate.orm.jdbc.bind - binding parameter (2:INTEGER) <- [999]
2025-10-28 00:27:57.617 [http-nio-8080-exec-10] DEBUG org.hibernate.SQL - 
    select
        u1_0.id,
        u1_0.avatar,
        u1_0.email,
        u1_0.group_id,
        u1_0.level,
        u1_0.name,
        u1_0.password,
        u1_0.role,
        u1_0.selected_background_id,
        u1_0.surname,
        u1_0.xp 
    from
        users u1_0 
    where
        u1_0.id=?
2025-10-28 00:27:57.618 [http-nio-8080-exec-10] TRACE org.hibernate.orm.jdbc.bind - binding parameter (1:BIGINT) <- [2]
2025-10-28 00:27:57.623 [http-nio-8080-exec-10] DEBUG org.hibernate.SQL - 
    select
        u1_0.id,
        u1_0.avatar,
        u1_0.email,
        u1_0.group_id,
        u1_0.level,
        u1_0.name,
        u1_0.password,
        u1_0.role,
        u1_0.selected_background_id,
        u1_0.surname,
        u1_0.xp 
    from
        users u1_0 
    where
        u1_0.id=?
2025-10-28 00:27:57.624 [http-nio-8080-exec-10] TRACE org.hibernate.orm.jdbc.bind - binding parameter (1:BIGINT) <- [3]
2025-10-28 00:27:57.627 [http-nio-8080-exec-10] DEBUG org.hibernate.SQL - 
    select
        u1_0.id,
        u1_0.avatar,
        u1_0.email,
        u1_0.group_id,
        u1_0.level,
        u1_0.name,
        u1_0.password,
        u1_0.role,
        u1_0.selected_background_id,
        u1_0.surname,
        u1_0.xp 
    from
        users u1_0 
    where
        u1_0.id=?
2025-10-28 00:27:57.628 [http-nio-8080-exec-10] TRACE org.hibernate.orm.jdbc.bind - binding parameter (1:BIGINT) <- [6]
2025-10-28 00:27:57.632 [http-nio-8080-exec-5] DEBUG org.hibernate.SQL - 
    select
        u1_0.id,
        u1_0.avatar,
        u1_0.email,
        u1_0.group_id,
        u1_0.level,
        u1_0.name,
        u1_0.password,
        u1_0.role,
        u1_0.selected_background_id,
        u1_0.surname,
        u1_0.xp 
    from
        users u1_0 
    where
        u1_0.email=?
2025-10-28 00:27:57.633 [http-nio-8080-exec-5] TRACE org.hibernate.orm.jdbc.bind - binding parameter (1:VARCHAR) <- [adm@gmail.com]
2025-10-28 00:27:57.653 [http-nio-8080-exec-10] DEBUG org.hibernate.SQL - 
    select
        u1_0.id,
        u1_0.avatar,
        u1_0.email,
        u1_0.group_id,
        u1_0.level,
        u1_0.name,
        u1_0.password,
        u1_0.role,
        u1_0.selected_background_id,
        u1_0.surname,
        u1_0.xp 
    from
        users u1_0 
    left join
        groups g1_0 
            on g1_0.id=u1_0.group_id 
    where
        g1_0.id=?
2025-10-28 00:27:57.653 [http-nio-8080-exec-5] DEBUG org.hibernate.SQL - 
    select
        u1_0.id,
        u1_0.avatar,
        u1_0.email,
        u1_0.group_id,
        u1_0.level,
        u1_0.name,
        u1_0.password,
        u1_0.role,
        u1_0.selected_background_id,
        u1_0.surname,
        u1_0.xp 
    from
        users u1_0 
    where
        u1_0.role=? 
    limit
        ?
2025-10-28 00:27:57.654 [http-nio-8080-exec-10] TRACE org.hibernate.orm.jdbc.bind - binding parameter (1:BIGINT) <- [1]
2025-10-28 00:27:57.654 [http-nio-8080-exec-5] TRACE org.hibernate.orm.jdbc.bind - binding parameter (1:ENUM) <- [DESBRAVADOR]
2025-10-28 00:27:57.655 [http-nio-8080-exec-5] TRACE org.hibernate.orm.jdbc.bind - binding parameter (2:INTEGER) <- [5]
2025-10-28 00:27:57.658 [http-nio-8080-exec-10] DEBUG org.hibernate.SQL - 
    select
        b1_0.user_id,
        b1_1.id,
        b1_1.description,
        b1_1.icon,
        b1_1.name 
    from
        user_badges b1_0 
    join
        badges b1_1 
            on b1_1.id=b1_0.badge_id 
    where
        b1_0.user_id=?
2025-10-28 00:27:57.659 [http-nio-8080-exec-10] TRACE org.hibernate.orm.jdbc.bind - binding parameter (1:BIGINT) <- [2]
2025-10-28 00:27:57.660 [http-nio-8080-exec-5] DEBUG org.hibernate.SQL - 
    select
        b1_0.id,
        b1_0.gradient,
        b1_0.image_url,
        b1_0.name,
        b1_0.text_color 
    from
        backgrounds b1_0 
    where
        b1_0.id=?
2025-10-28 00:27:57.662 [http-nio-8080-exec-5] TRACE org.hibernate.orm.jdbc.bind - binding parameter (1:BIGINT) <- [1]
2025-10-28 00:27:57.662 [http-nio-8080-exec-10] DEBUG org.hibernate.SQL - 
    select
        ub1_0.user_id,
        ub1_1.id,
        ub1_1.gradient,
        ub1_1.image_url,
        ub1_1.name,
        ub1_1.text_color 
    from
        user_unlocked_backgrounds ub1_0 
    join
        backgrounds ub1_1 
            on ub1_1.id=ub1_0.background_id 
    where
        ub1_0.user_id=?
2025-10-28 00:27:57.663 [http-nio-8080-exec-10] TRACE org.hibernate.orm.jdbc.bind - binding parameter (1:BIGINT) <- [2]
2025-10-28 00:27:57.665 [http-nio-8080-exec-5] DEBUG org.hibernate.SQL - 
    select
        g1_0.id,
        l1_0.id,
        l1_0.avatar,
        l1_0.email,
        l1_0.group_id,
        l1_0.level,
        l1_0.name,
        l1_0.password,
        l1_0.role,
        l1_0.selected_background_id,
        l1_0.surname,
        l1_0.xp,
        g1_0.name 
    from
        groups g1_0 
    left join
        users l1_0 
            on l1_0.id=g1_0.leader_id 
    where
        g1_0.id=?
2025-10-28 00:27:57.666 [http-nio-8080-exec-5] TRACE org.hibernate.orm.jdbc.bind - binding parameter (1:BIGINT) <- [2]
2025-10-28 00:27:57.667 [http-nio-8080-exec-5] DEBUG org.hibernate.SQL - 
    select
        b1_0.user_id,
        b1_1.id,
        b1_1.description,
        b1_1.icon,
        b1_1.name 
    from
        user_badges b1_0 
    join
        badges b1_1 
            on b1_1.id=b1_0.badge_id 
    where
        b1_0.user_id=?
2025-10-28 00:27:57.668 [http-nio-8080-exec-10] DEBUG org.hibernate.SQL - 
    select
        u1_0.id,
        u1_0.avatar,
        u1_0.email,
        u1_0.group_id,
        u1_0.level,
        u1_0.name,
        u1_0.password,
        u1_0.role,
        u1_0.selected_background_id,
        u1_0.surname,
        u1_0.xp 
    from
        users u1_0 
    left join
        groups g1_0 
            on g1_0.id=u1_0.group_id 
    where
        g1_0.id=?
2025-10-28 00:27:57.668 [http-nio-8080-exec-5] TRACE org.hibernate.orm.jdbc.bind - binding parameter (1:BIGINT) <- [4]
2025-10-28 00:27:57.669 [http-nio-8080-exec-10] TRACE org.hibernate.orm.jdbc.bind - binding parameter (1:BIGINT) <- [2]
2025-10-28 00:27:57.670 [http-nio-8080-exec-10] DEBUG org.hibernate.SQL - 
    select
        b1_0.user_id,
        b1_1.id,
        b1_1.description,
        b1_1.icon,
        b1_1.name 
    from
        user_badges b1_0 
    join
        badges b1_1 
            on b1_1.id=b1_0.badge_id 
    where
        b1_0.user_id=?
2025-10-28 00:27:57.671 [http-nio-8080-exec-10] TRACE org.hibernate.orm.jdbc.bind - binding parameter (1:BIGINT) <- [3]
2025-10-28 00:27:57.671 [http-nio-8080-exec-5] DEBUG org.hibernate.SQL - 
    select
        ub1_0.user_id,
        ub1_1.id,
        ub1_1.gradient,
        ub1_1.image_url,
        ub1_1.name,
        ub1_1.text_color 
    from
        user_unlocked_backgrounds ub1_0 
    join
        backgrounds ub1_1 
            on ub1_1.id=ub1_0.background_id 
    where
        ub1_0.user_id=?
2025-10-28 00:27:57.672 [http-nio-8080-exec-5] TRACE org.hibernate.orm.jdbc.bind - binding parameter (1:BIGINT) <- [4]
2025-10-28 00:27:57.672 [http-nio-8080-exec-10] DEBUG org.hibernate.SQL - 
    select
        ub1_0.user_id,
        ub1_1.id,
        ub1_1.gradient,
        ub1_1.image_url,
        ub1_1.name,
        ub1_1.text_color 
    from
        user_unlocked_backgrounds ub1_0 
    join
        backgrounds ub1_1 
            on ub1_1.id=ub1_0.background_id 
    where
        ub1_0.user_id=?
2025-10-28 00:27:57.673 [http-nio-8080-exec-5] DEBUG org.hibernate.SQL - 
    select
        g1_0.id,
        l1_0.id,
        l1_0.avatar,
        l1_0.email,
        l1_0.group_id,
        l1_0.level,
        l1_0.name,
        l1_0.password,
        l1_0.role,
        l1_0.selected_background_id,
        l1_0.surname,
        l1_0.xp,
        g1_0.name 
    from
        groups g1_0 
    left join
        users l1_0 
            on l1_0.id=g1_0.leader_id 
    where
        g1_0.id=?
2025-10-28 00:27:57.673 [http-nio-8080-exec-10] TRACE org.hibernate.orm.jdbc.bind - binding parameter (1:BIGINT) <- [3]
2025-10-28 00:27:57.675 [http-nio-8080-exec-5] TRACE org.hibernate.orm.jdbc.bind - binding parameter (1:BIGINT) <- [3]
2025-10-28 00:27:57.676 [http-nio-8080-exec-10] DEBUG org.hibernate.SQL - 
    select
        b1_0.id,
        b1_0.gradient,
        b1_0.image_url,
        b1_0.name,
        b1_0.text_color 
    from
        backgrounds b1_0 
    where
        b1_0.id=?
2025-10-28 00:27:57.677 [http-nio-8080-exec-10] TRACE org.hibernate.orm.jdbc.bind - binding parameter (1:BIGINT) <- [1]
2025-10-28 00:27:57.677 [http-nio-8080-exec-5] DEBUG org.hibernate.SQL - 
    select
        b1_0.user_id,
        b1_1.id,
        b1_1.description,
        b1_1.icon,
        b1_1.name 
    from
        user_badges b1_0 
    join
        badges b1_1 
            on b1_1.id=b1_0.badge_id 
    where
        b1_0.user_id=?
2025-10-28 00:27:57.678 [http-nio-8080-exec-10] DEBUG org.hibernate.SQL - 
    select
        b1_0.user_id,
        b1_1.id,
        b1_1.description,
        b1_1.icon,
        b1_1.name 
    from
        user_badges b1_0 
    join
        badges b1_1 
            on b1_1.id=b1_0.badge_id 
    where
        b1_0.user_id=?
2025-10-28 00:27:57.679 [http-nio-8080-exec-5] TRACE org.hibernate.orm.jdbc.bind - binding parameter (1:BIGINT) <- [5]
2025-10-28 00:27:57.679 [http-nio-8080-exec-10] TRACE org.hibernate.orm.jdbc.bind - binding parameter (1:BIGINT) <- [4]
2025-10-28 00:27:57.681 [http-nio-8080-exec-10] DEBUG org.hibernate.SQL - 
    select
        ub1_0.user_id,
        ub1_1.id,
        ub1_1.gradient,
        ub1_1.image_url,
        ub1_1.name,
        ub1_1.text_color 
    from
        user_unlocked_backgrounds ub1_0 
    join
        backgrounds ub1_1 
            on ub1_1.id=ub1_0.background_id 
    where
        ub1_0.user_id=?
2025-10-28 00:27:57.681 [http-nio-8080-exec-5] DEBUG org.hibernate.SQL - 
    select
        ub1_0.user_id,
        ub1_1.id,
        ub1_1.gradient,
        ub1_1.image_url,
        ub1_1.name,
        ub1_1.text_color 
    from
        user_unlocked_backgrounds ub1_0 
    join
        backgrounds ub1_1 
            on ub1_1.id=ub1_0.background_id 
    where
        ub1_0.user_id=?
2025-10-28 00:27:57.682 [http-nio-8080-exec-10] TRACE org.hibernate.orm.jdbc.bind - binding parameter (1:BIGINT) <- [4]
2025-10-28 00:27:57.682 [http-nio-8080-exec-5] TRACE org.hibernate.orm.jdbc.bind - binding parameter (1:BIGINT) <- [5]
2025-10-28 00:27:57.683 [http-nio-8080-exec-5] DEBUG org.hibernate.SQL - 
    select
        b1_0.user_id,
        b1_1.id,
        b1_1.description,
        b1_1.icon,
        b1_1.name 
    from
        user_badges b1_0 
    join
        badges b1_1 
            on b1_1.id=b1_0.badge_id 
    where
        b1_0.user_id=?
2025-10-28 00:27:57.684 [http-nio-8080-exec-5] TRACE org.hibernate.orm.jdbc.bind - binding parameter (1:BIGINT) <- [7]
2025-10-28 00:27:57.685 [http-nio-8080-exec-10] DEBUG org.hibernate.SQL - 
    select
        u1_0.id,
        u1_0.avatar,
        u1_0.email,
        u1_0.group_id,
        u1_0.level,
        u1_0.name,
        u1_0.password,
        u1_0.role,
        u1_0.selected_background_id,
        u1_0.surname,
        u1_0.xp 
    from
        users u1_0 
    left join
        groups g1_0 
            on g1_0.id=u1_0.group_id 
    where
        g1_0.id=?
2025-10-28 00:27:57.685 [http-nio-8080-exec-5] DEBUG org.hibernate.SQL - 
    select
        ub1_0.user_id,
        ub1_1.id,
        ub1_1.gradient,
        ub1_1.image_url,
        ub1_1.name,
        ub1_1.text_color 
    from
        user_unlocked_backgrounds ub1_0 
    join
        backgrounds ub1_1 
            on ub1_1.id=ub1_0.background_id 
    where
        ub1_0.user_id=?
2025-10-28 00:27:57.686 [http-nio-8080-exec-10] TRACE org.hibernate.orm.jdbc.bind - binding parameter (1:BIGINT) <- [3]
2025-10-28 00:27:57.687 [http-nio-8080-exec-5] TRACE org.hibernate.orm.jdbc.bind - binding parameter (1:BIGINT) <- [7]
2025-10-28 00:27:57.689 [http-nio-8080-exec-5] DEBUG org.hibernate.SQL - 
    select
        b1_0.id,
        b1_0.gradient,
        b1_0.image_url,
        b1_0.name,
        b1_0.text_color 
    from
        backgrounds b1_0 
    where
        b1_0.id=?
2025-10-28 00:27:57.689 [http-nio-8080-exec-10] DEBUG org.hibernate.SQL - 
    select
        b1_0.user_id,
        b1_1.id,
        b1_1.description,
        b1_1.icon,
        b1_1.name 
    from
        user_badges b1_0 
    join
        badges b1_1 
            on b1_1.id=b1_0.badge_id 
    where
        b1_0.user_id=?
2025-10-28 00:27:57.690 [http-nio-8080-exec-5] TRACE org.hibernate.orm.jdbc.bind - binding parameter (1:BIGINT) <- [2]
2025-10-28 00:27:57.691 [http-nio-8080-exec-10] TRACE org.hibernate.orm.jdbc.bind - binding parameter (1:BIGINT) <- [5]
2025-10-28 00:27:57.692 [http-nio-8080-exec-5] DEBUG org.hibernate.SQL - 
    select
        b1_0.user_id,
        b1_1.id,
        b1_1.description,
        b1_1.icon,
        b1_1.name 
    from
        user_badges b1_0 
    join
        badges b1_1 
            on b1_1.id=b1_0.badge_id 
    where
        b1_0.user_id=?
2025-10-28 00:27:57.692 [http-nio-8080-exec-10] DEBUG org.hibernate.SQL - 
    select
        ub1_0.user_id,
        ub1_1.id,
        ub1_1.gradient,
        ub1_1.image_url,
        ub1_1.name,
        ub1_1.text_color 
    from
        user_unlocked_backgrounds ub1_0 
    join
        backgrounds ub1_1 
            on ub1_1.id=ub1_0.background_id 
    where
        ub1_0.user_id=?
2025-10-28 00:27:57.693 [http-nio-8080-exec-5] TRACE org.hibernate.orm.jdbc.bind - binding parameter (1:BIGINT) <- [8]
2025-10-28 00:27:57.693 [http-nio-8080-exec-10] TRACE org.hibernate.orm.jdbc.bind - binding parameter (1:BIGINT) <- [5]
2025-10-28 00:27:57.694 [http-nio-8080-exec-10] DEBUG org.hibernate.SQL - 
    select
        b1_0.user_id,
        b1_1.id,
        b1_1.description,
        b1_1.icon,
        b1_1.name 
    from
        user_badges b1_0 
    join
        badges b1_1 
            on b1_1.id=b1_0.badge_id 
    where
        b1_0.user_id=?
2025-10-28 00:27:57.694 [http-nio-8080-exec-5] DEBUG org.hibernate.SQL - 
    select
        ub1_0.user_id,
        ub1_1.id,
        ub1_1.gradient,
        ub1_1.image_url,
        ub1_1.name,
        ub1_1.text_color 
    from
        user_unlocked_backgrounds ub1_0 
    join
        backgrounds ub1_1 
            on ub1_1.id=ub1_0.background_id 
    where
        ub1_0.user_id=?
2025-10-28 00:27:57.695 [http-nio-8080-exec-10] TRACE org.hibernate.orm.jdbc.bind - binding parameter (1:BIGINT) <- [6]
2025-10-28 00:27:57.695 [http-nio-8080-exec-5] TRACE org.hibernate.orm.jdbc.bind - binding parameter (1:BIGINT) <- [8]
2025-10-28 00:27:57.696 [http-nio-8080-exec-10] DEBUG org.hibernate.SQL - 
    select
        ub1_0.user_id,
        ub1_1.id,
        ub1_1.gradient,
        ub1_1.image_url,
        ub1_1.name,
        ub1_1.text_color 
    from
        user_unlocked_backgrounds ub1_0 
    join
        backgrounds ub1_1 
            on ub1_1.id=ub1_0.background_id 
    where
        ub1_0.user_id=?
2025-10-28 00:27:57.697 [http-nio-8080-exec-10] TRACE org.hibernate.orm.jdbc.bind - binding parameter (1:BIGINT) <- [6]
2025-10-28 00:27:57.698 [http-nio-8080-exec-10] DEBUG org.hibernate.SQL - 
    select
        b1_0.id,
        b1_0.gradient,
        b1_0.image_url,
        b1_0.name,
        b1_0.text_color 
    from
        backgrounds b1_0 
    where
        b1_0.id=?
2025-10-28 00:27:57.699 [http-nio-8080-exec-10] TRACE org.hibernate.orm.jdbc.bind - binding parameter (1:BIGINT) <- [2]
2025-10-28 00:27:57.700 [http-nio-8080-exec-10] DEBUG org.hibernate.SQL - 
    select
        b1_0.user_id,
        b1_1.id,
        b1_1.description,
        b1_1.icon,
        b1_1.name 
    from
        user_badges b1_0 
    join
        badges b1_1 
            on b1_1.id=b1_0.badge_id 
    where
        b1_0.user_id=?
2025-10-28 00:27:57.702 [http-nio-8080-exec-10] TRACE org.hibernate.orm.jdbc.bind - binding parameter (1:BIGINT) <- [8]
2025-10-28 00:27:57.704 [http-nio-8080-exec-10] DEBUG org.hibernate.SQL - 
    select
        ub1_0.user_id,
        ub1_1.id,
        ub1_1.gradient,
        ub1_1.image_url,
        ub1_1.name,
        ub1_1.text_color 
    from
        user_unlocked_backgrounds ub1_0 
    join
        backgrounds ub1_1 
            on ub1_1.id=ub1_0.background_id 
    where
        ub1_0.user_id=?
2025-10-28 00:27:57.705 [http-nio-8080-exec-10] TRACE org.hibernate.orm.jdbc.bind - binding parameter (1:BIGINT) <- [8]
2025-10-28 00:27:57.708 [http-nio-8080-exec-10] DEBUG org.hibernate.SQL - 
    select
        u1_0.id,
        u1_0.avatar,
        u1_0.email,
        u1_0.group_id,
        u1_0.level,
        u1_0.name,
        u1_0.password,
        u1_0.role,
        u1_0.selected_background_id,
        u1_0.surname,
        u1_0.xp 
    from
        users u1_0 
    left join
        groups g1_0 
            on g1_0.id=u1_0.group_id 
    where
        g1_0.id=?
2025-10-28 00:27:57.709 [http-nio-8080-exec-10] TRACE org.hibernate.orm.jdbc.bind - binding parameter (1:BIGINT) <- [4]
2025-10-28 00:27:57.710 [http-nio-8080-exec-5] WARN  o.s.d.w.c.SpringDataJacksonConfiguration$PageModule$WarningLoggingModifier - Serializing PageImpl instances as-is is not supported, meaning that there is no guarantee about the stability of the resulting JSON structure!
	For a stable JSON structure, please use Spring Data's PagedModel (globally via @EnableSpringDataWebSupport(pageSerializationMode = VIA_DTO))
	or Spring HATEOAS and Spring Data's PagedResourcesAssembler as documented in https://docs.spring.io/spring-data/commons/reference/repositories/core-extensions.html#core.web.pageables.

2025-10-28 00:28:00.576 [http-nio-8080-exec-4] DEBUG org.hibernate.SQL - 
    select
        u1_0.id,
        u1_0.avatar,
        u1_0.email,
        u1_0.group_id,
        u1_0.level,
        u1_0.name,
        u1_0.password,
        u1_0.role,
        u1_0.selected_background_id,
        u1_0.surname,
        u1_0.xp 
    from
        users u1_0 
    where
        u1_0.email=?
2025-10-28 00:28:00.576 [http-nio-8080-exec-2] DEBUG org.hibernate.SQL - 
    select
        u1_0.id,
        u1_0.avatar,
        u1_0.email,
        u1_0.group_id,
        u1_0.level,
        u1_0.name,
        u1_0.password,
        u1_0.role,
        u1_0.selected_background_id,
        u1_0.surname,
        u1_0.xp 
    from
        users u1_0 
    where
        u1_0.email=?
2025-10-28 00:28:00.577 [http-nio-8080-exec-4] TRACE org.hibernate.orm.jdbc.bind - binding parameter (1:VARCHAR) <- [adm@gmail.com]
2025-10-28 00:28:00.577 [http-nio-8080-exec-2] TRACE org.hibernate.orm.jdbc.bind - binding parameter (1:VARCHAR) <- [adm@gmail.com]
2025-10-28 00:28:00.586 [http-nio-8080-exec-4] DEBUG org.hibernate.SQL - 
    select
        g1_0.id,
        g1_0.leader_id,
        g1_0.name 
    from
        groups g1_0 
    limit
        ?, ?
2025-10-28 00:28:00.586 [http-nio-8080-exec-2] DEBUG org.hibernate.SQL - 
    select
        u1_0.id,
        u1_0.avatar,
        u1_0.email,
        u1_0.group_id,
        u1_0.level,
        u1_0.name,
        u1_0.password,
        u1_0.role,
        u1_0.selected_background_id,
        u1_0.surname,
        u1_0.xp 
    from
        users u1_0 
    where
        u1_0.role=?
2025-10-28 00:28:00.586 [http-nio-8080-exec-4] TRACE org.hibernate.orm.jdbc.bind - binding parameter (1:INTEGER) <- [0]
2025-10-28 00:28:00.587 [http-nio-8080-exec-4] TRACE org.hibernate.orm.jdbc.bind - binding parameter (2:INTEGER) <- [20]
2025-10-28 00:28:00.587 [http-nio-8080-exec-2] TRACE org.hibernate.orm.jdbc.bind - binding parameter (1:ENUM) <- [MONITOR]
2025-10-28 00:28:00.588 [http-nio-8080-exec-4] DEBUG org.hibernate.SQL - 
    select
        u1_0.id,
        u1_0.avatar,
        u1_0.email,
        u1_0.group_id,
        u1_0.level,
        u1_0.name,
        u1_0.password,
        u1_0.role,
        u1_0.selected_background_id,
        u1_0.surname,
        u1_0.xp 
    from
        users u1_0 
    where
        u1_0.id=?
2025-10-28 00:28:00.589 [http-nio-8080-exec-4] TRACE org.hibernate.orm.jdbc.bind - binding parameter (1:BIGINT) <- [2]
2025-10-28 00:28:00.590 [http-nio-8080-exec-4] DEBUG org.hibernate.SQL - 
    select
        u1_0.id,
        u1_0.avatar,
        u1_0.email,
        u1_0.group_id,
        u1_0.level,
        u1_0.name,
        u1_0.password,
        u1_0.role,
        u1_0.selected_background_id,
        u1_0.surname,
        u1_0.xp 
    from
        users u1_0 
    where
        u1_0.id=?
2025-10-28 00:28:00.590 [http-nio-8080-exec-4] TRACE org.hibernate.orm.jdbc.bind - binding parameter (1:BIGINT) <- [3]
2025-10-28 00:28:00.591 [http-nio-8080-exec-4] DEBUG org.hibernate.SQL - 
    select
        u1_0.id,
        u1_0.avatar,
        u1_0.email,
        u1_0.group_id,
        u1_0.level,
        u1_0.name,
        u1_0.password,
        u1_0.role,
        u1_0.selected_background_id,
        u1_0.surname,
        u1_0.xp 
    from
        users u1_0 
    where
        u1_0.id=?
2025-10-28 00:28:00.592 [http-nio-8080-exec-4] TRACE org.hibernate.orm.jdbc.bind - binding parameter (1:BIGINT) <- [6]
2025-10-28 00:28:00.595 [http-nio-8080-exec-4] DEBUG org.hibernate.SQL - 
    select
        u1_0.id,
        u1_0.avatar,
        u1_0.email,
        u1_0.group_id,
        u1_0.level,
        u1_0.name,
        u1_0.password,
        u1_0.role,
        u1_0.selected_background_id,
        u1_0.surname,
        u1_0.xp 
    from
        users u1_0 
    left join
        groups g1_0 
            on g1_0.id=u1_0.group_id 
    where
        g1_0.id=?
2025-10-28 00:28:00.596 [http-nio-8080-exec-4] TRACE org.hibernate.orm.jdbc.bind - binding parameter (1:BIGINT) <- [1]
2025-10-28 00:28:00.598 [http-nio-8080-exec-4] DEBUG org.hibernate.SQL - 
    select
        b1_0.user_id,
        b1_1.id,
        b1_1.description,
        b1_1.icon,
        b1_1.name 
    from
        user_badges b1_0 
    join
        badges b1_1 
            on b1_1.id=b1_0.badge_id 
    where
        b1_0.user_id=?
2025-10-28 00:28:00.598 [http-nio-8080-exec-4] TRACE org.hibernate.orm.jdbc.bind - binding parameter (1:BIGINT) <- [2]
2025-10-28 00:28:00.600 [http-nio-8080-exec-4] DEBUG org.hibernate.SQL - 
    select
        ub1_0.user_id,
        ub1_1.id,
        ub1_1.gradient,
        ub1_1.image_url,
        ub1_1.name,
        ub1_1.text_color 
    from
        user_unlocked_backgrounds ub1_0 
    join
        backgrounds ub1_1 
            on ub1_1.id=ub1_0.background_id 
    where
        ub1_0.user_id=?
2025-10-28 00:28:00.600 [http-nio-8080-exec-4] TRACE org.hibernate.orm.jdbc.bind - binding parameter (1:BIGINT) <- [2]
2025-10-28 00:28:00.603 [http-nio-8080-exec-4] DEBUG org.hibernate.SQL - 
    select
        u1_0.id,
        u1_0.avatar,
        u1_0.email,
        u1_0.group_id,
        u1_0.level,
        u1_0.name,
        u1_0.password,
        u1_0.role,
        u1_0.selected_background_id,
        u1_0.surname,
        u1_0.xp 
    from
        users u1_0 
    left join
        groups g1_0 
            on g1_0.id=u1_0.group_id 
    where
        g1_0.id=?
2025-10-28 00:28:00.603 [http-nio-8080-exec-4] TRACE org.hibernate.orm.jdbc.bind - binding parameter (1:BIGINT) <- [2]
2025-10-28 00:28:00.605 [http-nio-8080-exec-4] DEBUG org.hibernate.SQL - 
    select
        b1_0.user_id,
        b1_1.id,
        b1_1.description,
        b1_1.icon,
        b1_1.name 
    from
        user_badges b1_0 
    join
        badges b1_1 
            on b1_1.id=b1_0.badge_id 
    where
        b1_0.user_id=?
2025-10-28 00:28:00.606 [http-nio-8080-exec-4] TRACE org.hibernate.orm.jdbc.bind - binding parameter (1:BIGINT) <- [3]
2025-10-28 00:28:00.606 [http-nio-8080-exec-4] DEBUG org.hibernate.SQL - 
    select
        ub1_0.user_id,
        ub1_1.id,
        ub1_1.gradient,
        ub1_1.image_url,
        ub1_1.name,
        ub1_1.text_color 
    from
        user_unlocked_backgrounds ub1_0 
    join
        backgrounds ub1_1 
            on ub1_1.id=ub1_0.background_id 
    where
        ub1_0.user_id=?
2025-10-28 00:28:00.607 [http-nio-8080-exec-4] TRACE org.hibernate.orm.jdbc.bind - binding parameter (1:BIGINT) <- [3]
2025-10-28 00:28:00.608 [http-nio-8080-exec-4] DEBUG org.hibernate.SQL - 
    select
        b1_0.id,
        b1_0.gradient,
        b1_0.image_url,
        b1_0.name,
        b1_0.text_color 
    from
        backgrounds b1_0 
    where
        b1_0.id=?
2025-10-28 00:28:00.609 [http-nio-8080-exec-4] TRACE org.hibernate.orm.jdbc.bind - binding parameter (1:BIGINT) <- [1]
2025-10-28 00:28:00.610 [http-nio-8080-exec-4] DEBUG org.hibernate.SQL - 
    select
        b1_0.user_id,
        b1_1.id,
        b1_1.description,
        b1_1.icon,
        b1_1.name 
    from
        user_badges b1_0 
    join
        badges b1_1 
            on b1_1.id=b1_0.badge_id 
    where
        b1_0.user_id=?
2025-10-28 00:28:00.611 [http-nio-8080-exec-4] TRACE org.hibernate.orm.jdbc.bind - binding parameter (1:BIGINT) <- [4]
2025-10-28 00:28:00.612 [http-nio-8080-exec-4] DEBUG org.hibernate.SQL - 
    select
        ub1_0.user_id,
        ub1_1.id,
        ub1_1.gradient,
        ub1_1.image_url,
        ub1_1.name,
        ub1_1.text_color 
    from
        user_unlocked_backgrounds ub1_0 
    join
        backgrounds ub1_1 
            on ub1_1.id=ub1_0.background_id 
    where
        ub1_0.user_id=?
2025-10-28 00:28:00.612 [http-nio-8080-exec-4] TRACE org.hibernate.orm.jdbc.bind - binding parameter (1:BIGINT) <- [4]
2025-10-28 00:28:00.615 [http-nio-8080-exec-4] DEBUG org.hibernate.SQL - 
    select
        u1_0.id,
        u1_0.avatar,
        u1_0.email,
        u1_0.group_id,
        u1_0.level,
        u1_0.name,
        u1_0.password,
        u1_0.role,
        u1_0.selected_background_id,
        u1_0.surname,
        u1_0.xp 
    from
        users u1_0 
    left join
        groups g1_0 
            on g1_0.id=u1_0.group_id 
    where
        g1_0.id=?
2025-10-28 00:28:00.616 [http-nio-8080-exec-4] TRACE org.hibernate.orm.jdbc.bind - binding parameter (1:BIGINT) <- [3]
2025-10-28 00:28:00.618 [http-nio-8080-exec-4] DEBUG org.hibernate.SQL - 
    select
        b1_0.user_id,
        b1_1.id,
        b1_1.description,
        b1_1.icon,
        b1_1.name 
    from
        user_badges b1_0 
    join
        badges b1_1 
            on b1_1.id=b1_0.badge_id 
    where
        b1_0.user_id=?
2025-10-28 00:28:00.619 [http-nio-8080-exec-4] TRACE org.hibernate.orm.jdbc.bind - binding parameter (1:BIGINT) <- [5]
2025-10-28 00:28:00.620 [http-nio-8080-exec-4] DEBUG org.hibernate.SQL - 
    select
        ub1_0.user_id,
        ub1_1.id,
        ub1_1.gradient,
        ub1_1.image_url,
        ub1_1.name,
        ub1_1.text_color 
    from
        user_unlocked_backgrounds ub1_0 
    join
        backgrounds ub1_1 
            on ub1_1.id=ub1_0.background_id 
    where
        ub1_0.user_id=?
2025-10-28 00:28:00.620 [http-nio-8080-exec-4] TRACE org.hibernate.orm.jdbc.bind - binding parameter (1:BIGINT) <- [5]
2025-10-28 00:28:00.621 [http-nio-8080-exec-4] DEBUG org.hibernate.SQL - 
    select
        b1_0.user_id,
        b1_1.id,
        b1_1.description,
        b1_1.icon,
        b1_1.name 
    from
        user_badges b1_0 
    join
        badges b1_1 
            on b1_1.id=b1_0.badge_id 
    where
        b1_0.user_id=?
2025-10-28 00:28:00.622 [http-nio-8080-exec-4] TRACE org.hibernate.orm.jdbc.bind - binding parameter (1:BIGINT) <- [6]
2025-10-28 00:28:00.623 [http-nio-8080-exec-4] DEBUG org.hibernate.SQL - 
    select
        ub1_0.user_id,
        ub1_1.id,
        ub1_1.gradient,
        ub1_1.image_url,
        ub1_1.name,
        ub1_1.text_color 
    from
        user_unlocked_backgrounds ub1_0 
    join
        backgrounds ub1_1 
            on ub1_1.id=ub1_0.background_id 
    where
        ub1_0.user_id=?
2025-10-28 00:28:00.624 [http-nio-8080-exec-4] TRACE org.hibernate.orm.jdbc.bind - binding parameter (1:BIGINT) <- [6]
2025-10-28 00:28:00.625 [http-nio-8080-exec-4] DEBUG org.hibernate.SQL - 
    select
        b1_0.id,
        b1_0.gradient,
        b1_0.image_url,
        b1_0.name,
        b1_0.text_color 
    from
        backgrounds b1_0 
    where
        b1_0.id=?
2025-10-28 00:28:00.625 [http-nio-8080-exec-4] TRACE org.hibernate.orm.jdbc.bind - binding parameter (1:BIGINT) <- [2]
2025-10-28 00:28:00.626 [http-nio-8080-exec-4] DEBUG org.hibernate.SQL - 
    select
        b1_0.user_id,
        b1_1.id,
        b1_1.description,
        b1_1.icon,
        b1_1.name 
    from
        user_badges b1_0 
    join
        badges b1_1 
            on b1_1.id=b1_0.badge_id 
    where
        b1_0.user_id=?
2025-10-28 00:28:00.627 [http-nio-8080-exec-4] TRACE org.hibernate.orm.jdbc.bind - binding parameter (1:BIGINT) <- [8]
2025-10-28 00:28:00.628 [http-nio-8080-exec-4] DEBUG org.hibernate.SQL - 
    select
        ub1_0.user_id,
        ub1_1.id,
        ub1_1.gradient,
        ub1_1.image_url,
        ub1_1.name,
        ub1_1.text_color 
    from
        user_unlocked_backgrounds ub1_0 
    join
        backgrounds ub1_1 
            on ub1_1.id=ub1_0.background_id 
    where
        ub1_0.user_id=?
2025-10-28 00:28:00.629 [http-nio-8080-exec-4] TRACE org.hibernate.orm.jdbc.bind - binding parameter (1:BIGINT) <- [8]
2025-10-28 00:28:00.632 [http-nio-8080-exec-4] DEBUG org.hibernate.SQL - 
    select
        u1_0.id,
        u1_0.avatar,
        u1_0.email,
        u1_0.group_id,
        u1_0.level,
        u1_0.name,
        u1_0.password,
        u1_0.role,
        u1_0.selected_background_id,
        u1_0.surname,
        u1_0.xp 
    from
        users u1_0 
    left join
        groups g1_0 
            on g1_0.id=u1_0.group_id 
    where
        g1_0.id=?
2025-10-28 00:28:00.633 [http-nio-8080-exec-4] TRACE org.hibernate.orm.jdbc.bind - binding parameter (1:BIGINT) <- [4]
2025-10-28 00:28:01.077 [http-nio-8080-exec-6] DEBUG org.hibernate.SQL - 
    select
        u1_0.id,
        u1_0.avatar,
        u1_0.email,
        u1_0.group_id,
        u1_0.level,
        u1_0.name,
        u1_0.password,
        u1_0.role,
        u1_0.selected_background_id,
        u1_0.surname,
        u1_0.xp 
    from
        users u1_0 
    where
        u1_0.email=?
2025-10-28 00:28:01.077 [http-nio-8080-exec-7] DEBUG org.hibernate.SQL - 
    select
        u1_0.id,
        u1_0.avatar,
        u1_0.email,
        u1_0.group_id,
        u1_0.level,
        u1_0.name,
        u1_0.password,
        u1_0.role,
        u1_0.selected_background_id,
        u1_0.surname,
        u1_0.xp 
    from
        users u1_0 
    where
        u1_0.email=?
2025-10-28 00:28:01.078 [http-nio-8080-exec-6] TRACE org.hibernate.orm.jdbc.bind - binding parameter (1:VARCHAR) <- [adm@gmail.com]
2025-10-28 00:28:01.078 [http-nio-8080-exec-7] TRACE org.hibernate.orm.jdbc.bind - binding parameter (1:VARCHAR) <- [adm@gmail.com]
2025-10-28 00:28:01.086 [http-nio-8080-exec-6] DEBUG org.hibernate.SQL - 
    select
        g1_0.id,
        g1_0.leader_id,
        g1_0.name 
    from
        groups g1_0 
    limit
        ?, ?
2025-10-28 00:28:01.086 [http-nio-8080-exec-7] DEBUG org.hibernate.SQL - 
    select
        u1_0.id,
        u1_0.avatar,
        u1_0.email,
        u1_0.group_id,
        u1_0.level,
        u1_0.name,
        u1_0.password,
        u1_0.role,
        u1_0.selected_background_id,
        u1_0.surname,
        u1_0.xp 
    from
        users u1_0 
    where
        u1_0.email=?
2025-10-28 00:28:01.086 [http-nio-8080-exec-6] TRACE org.hibernate.orm.jdbc.bind - binding parameter (1:INTEGER) <- [0]
2025-10-28 00:28:01.087 [http-nio-8080-exec-7] TRACE org.hibernate.orm.jdbc.bind - binding parameter (1:VARCHAR) <- [adm@gmail.com]
2025-10-28 00:28:01.087 [http-nio-8080-exec-6] TRACE org.hibernate.orm.jdbc.bind - binding parameter (2:INTEGER) <- [999]
2025-10-28 00:28:01.088 [http-nio-8080-exec-6] DEBUG org.hibernate.SQL - 
    select
        u1_0.id,
        u1_0.avatar,
        u1_0.email,
        u1_0.group_id,
        u1_0.level,
        u1_0.name,
        u1_0.password,
        u1_0.role,
        u1_0.selected_background_id,
        u1_0.surname,
        u1_0.xp 
    from
        users u1_0 
    where
        u1_0.id=?
2025-10-28 00:28:01.088 [http-nio-8080-exec-6] TRACE org.hibernate.orm.jdbc.bind - binding parameter (1:BIGINT) <- [2]
2025-10-28 00:28:01.090 [http-nio-8080-exec-7] DEBUG org.hibernate.SQL - 
    select
        u1_0.id,
        u1_0.avatar,
        u1_0.email,
        u1_0.group_id,
        u1_0.level,
        u1_0.name,
        u1_0.password,
        u1_0.role,
        u1_0.selected_background_id,
        u1_0.surname,
        u1_0.xp 
    from
        users u1_0 
    where
        u1_0.role=? 
    limit
        ?
2025-10-28 00:28:01.090 [http-nio-8080-exec-6] DEBUG org.hibernate.SQL - 
    select
        u1_0.id,
        u1_0.avatar,
        u1_0.email,
        u1_0.group_id,
        u1_0.level,
        u1_0.name,
        u1_0.password,
        u1_0.role,
        u1_0.selected_background_id,
        u1_0.surname,
        u1_0.xp 
    from
        users u1_0 
    where
        u1_0.id=?
2025-10-28 00:28:01.091 [http-nio-8080-exec-7] TRACE org.hibernate.orm.jdbc.bind - binding parameter (1:ENUM) <- [DESBRAVADOR]
2025-10-28 00:28:01.091 [http-nio-8080-exec-6] TRACE org.hibernate.orm.jdbc.bind - binding parameter (1:BIGINT) <- [3]
2025-10-28 00:28:01.091 [http-nio-8080-exec-7] TRACE org.hibernate.orm.jdbc.bind - binding parameter (2:INTEGER) <- [5]
2025-10-28 00:28:01.092 [http-nio-8080-exec-6] DEBUG org.hibernate.SQL - 
    select
        u1_0.id,
        u1_0.avatar,
        u1_0.email,
        u1_0.group_id,
        u1_0.level,
        u1_0.name,
        u1_0.password,
        u1_0.role,
        u1_0.selected_background_id,
        u1_0.surname,
        u1_0.xp 
    from
        users u1_0 
    where
        u1_0.id=?
2025-10-28 00:28:01.092 [http-nio-8080-exec-7] DEBUG org.hibernate.SQL - 
    select
        b1_0.id,
        b1_0.gradient,
        b1_0.image_url,
        b1_0.name,
        b1_0.text_color 
    from
        backgrounds b1_0 
    where
        b1_0.id=?
2025-10-28 00:28:01.093 [http-nio-8080-exec-6] TRACE org.hibernate.orm.jdbc.bind - binding parameter (1:BIGINT) <- [6]
2025-10-28 00:28:01.093 [http-nio-8080-exec-7] TRACE org.hibernate.orm.jdbc.bind - binding parameter (1:BIGINT) <- [1]
2025-10-28 00:28:01.094 [http-nio-8080-exec-7] DEBUG org.hibernate.SQL - 
    select
        g1_0.id,
        l1_0.id,
        l1_0.avatar,
        l1_0.email,
        l1_0.group_id,
        l1_0.level,
        l1_0.name,
        l1_0.password,
        l1_0.role,
        l1_0.selected_background_id,
        l1_0.surname,
        l1_0.xp,
        g1_0.name 
    from
        groups g1_0 
    left join
        users l1_0 
            on l1_0.id=g1_0.leader_id 
    where
        g1_0.id=?
2025-10-28 00:28:01.095 [http-nio-8080-exec-7] TRACE org.hibernate.orm.jdbc.bind - binding parameter (1:BIGINT) <- [2]
2025-10-28 00:28:01.096 [http-nio-8080-exec-6] DEBUG org.hibernate.SQL - 
    select
        u1_0.id,
        u1_0.avatar,
        u1_0.email,
        u1_0.group_id,
        u1_0.level,
        u1_0.name,
        u1_0.password,
        u1_0.role,
        u1_0.selected_background_id,
        u1_0.surname,
        u1_0.xp 
    from
        users u1_0 
    left join
        groups g1_0 
            on g1_0.id=u1_0.group_id 
    where
        g1_0.id=?
2025-10-28 00:28:01.096 [http-nio-8080-exec-7] DEBUG org.hibernate.SQL - 
    select
        b1_0.user_id,
        b1_1.id,
        b1_1.description,
        b1_1.icon,
        b1_1.name 
    from
        user_badges b1_0 
    join
        badges b1_1 
            on b1_1.id=b1_0.badge_id 
    where
        b1_0.user_id=?
2025-10-28 00:28:01.096 [http-nio-8080-exec-6] TRACE org.hibernate.orm.jdbc.bind - binding parameter (1:BIGINT) <- [1]
2025-10-28 00:28:01.097 [http-nio-8080-exec-7] TRACE org.hibernate.orm.jdbc.bind - binding parameter (1:BIGINT) <- [4]
2025-10-28 00:28:01.097 [http-nio-8080-exec-6] DEBUG org.hibernate.SQL - 
    select
        b1_0.user_id,
        b1_1.id,
        b1_1.description,
        b1_1.icon,
        b1_1.name 
    from
        user_badges b1_0 
    join
        badges b1_1 
            on b1_1.id=b1_0.badge_id 
    where
        b1_0.user_id=?
2025-10-28 00:28:01.097 [http-nio-8080-exec-7] DEBUG org.hibernate.SQL - 
    select
        ub1_0.user_id,
        ub1_1.id,
        ub1_1.gradient,
        ub1_1.image_url,
        ub1_1.name,
        ub1_1.text_color 
    from
        user_unlocked_backgrounds ub1_0 
    join
        backgrounds ub1_1 
            on ub1_1.id=ub1_0.background_id 
    where
        ub1_0.user_id=?
2025-10-28 00:28:01.098 [http-nio-8080-exec-6] TRACE org.hibernate.orm.jdbc.bind - binding parameter (1:BIGINT) <- [2]
2025-10-28 00:28:01.098 [http-nio-8080-exec-7] TRACE org.hibernate.orm.jdbc.bind - binding parameter (1:BIGINT) <- [4]
2025-10-28 00:28:01.099 [http-nio-8080-exec-6] DEBUG org.hibernate.SQL - 
    select
        ub1_0.user_id,
        ub1_1.id,
        ub1_1.gradient,
        ub1_1.image_url,
        ub1_1.name,
        ub1_1.text_color 
    from
        user_unlocked_backgrounds ub1_0 
    join
        backgrounds ub1_1 
            on ub1_1.id=ub1_0.background_id 
    where
        ub1_0.user_id=?
2025-10-28 00:28:01.099 [http-nio-8080-exec-7] DEBUG org.hibernate.SQL - 
    select
        g1_0.id,
        l1_0.id,
        l1_0.avatar,
        l1_0.email,
        l1_0.group_id,
        l1_0.level,
        l1_0.name,
        l1_0.password,
        l1_0.role,
        l1_0.selected_background_id,
        l1_0.surname,
        l1_0.xp,
        g1_0.name 
    from
        groups g1_0 
    left join
        users l1_0 
            on l1_0.id=g1_0.leader_id 
    where
        g1_0.id=?
2025-10-28 00:28:01.099 [http-nio-8080-exec-6] TRACE org.hibernate.orm.jdbc.bind - binding parameter (1:BIGINT) <- [2]
2025-10-28 00:28:01.100 [http-nio-8080-exec-7] TRACE org.hibernate.orm.jdbc.bind - binding parameter (1:BIGINT) <- [3]
2025-10-28 00:28:01.101 [http-nio-8080-exec-7] DEBUG org.hibernate.SQL - 
    select
        b1_0.user_id,
        b1_1.id,
        b1_1.description,
        b1_1.icon,
        b1_1.name 
    from
        user_badges b1_0 
    join
        badges b1_1 
            on b1_1.id=b1_0.badge_id 
    where
        b1_0.user_id=?
2025-10-28 00:28:01.102 [http-nio-8080-exec-7] TRACE org.hibernate.orm.jdbc.bind - binding parameter (1:BIGINT) <- [5]
2025-10-28 00:28:01.102 [http-nio-8080-exec-6] DEBUG org.hibernate.SQL - 
    select
        u1_0.id,
        u1_0.avatar,
        u1_0.email,
        u1_0.group_id,
        u1_0.level,
        u1_0.name,
        u1_0.password,
        u1_0.role,
        u1_0.selected_background_id,
        u1_0.surname,
        u1_0.xp 
    from
        users u1_0 
    left join
        groups g1_0 
            on g1_0.id=u1_0.group_id 
    where
        g1_0.id=?
2025-10-28 00:28:01.103 [http-nio-8080-exec-6] TRACE org.hibernate.orm.jdbc.bind - binding parameter (1:BIGINT) <- [2]
2025-10-28 00:28:01.103 [http-nio-8080-exec-7] DEBUG org.hibernate.SQL - 
    select
        ub1_0.user_id,
        ub1_1.id,
        ub1_1.gradient,
        ub1_1.image_url,
        ub1_1.name,
        ub1_1.text_color 
    from
        user_unlocked_backgrounds ub1_0 
    join
        backgrounds ub1_1 
            on ub1_1.id=ub1_0.background_id 
    where
        ub1_0.user_id=?
2025-10-28 00:28:01.104 [http-nio-8080-exec-7] TRACE org.hibernate.orm.jdbc.bind - binding parameter (1:BIGINT) <- [5]
2025-10-28 00:28:01.105 [http-nio-8080-exec-6] DEBUG org.hibernate.SQL - 
    select
        b1_0.user_id,
        b1_1.id,
        b1_1.description,
        b1_1.icon,
        b1_1.name 
    from
        user_badges b1_0 
    join
        badges b1_1 
            on b1_1.id=b1_0.badge_id 
    where
        b1_0.user_id=?
2025-10-28 00:28:01.105 [http-nio-8080-exec-7] DEBUG org.hibernate.SQL - 
    select
        b1_0.user_id,
        b1_1.id,
        b1_1.description,
        b1_1.icon,
        b1_1.name 
    from
        user_badges b1_0 
    join
        badges b1_1 
            on b1_1.id=b1_0.badge_id 
    where
        b1_0.user_id=?
2025-10-28 00:28:01.105 [http-nio-8080-exec-6] TRACE org.hibernate.orm.jdbc.bind - binding parameter (1:BIGINT) <- [3]
2025-10-28 00:28:01.105 [http-nio-8080-exec-7] TRACE org.hibernate.orm.jdbc.bind - binding parameter (1:BIGINT) <- [7]
2025-10-28 00:28:01.106 [http-nio-8080-exec-6] DEBUG org.hibernate.SQL - 
    select
        ub1_0.user_id,
        ub1_1.id,
        ub1_1.gradient,
        ub1_1.image_url,
        ub1_1.name,
        ub1_1.text_color 
    from
        user_unlocked_backgrounds ub1_0 
    join
        backgrounds ub1_1 
            on ub1_1.id=ub1_0.background_id 
    where
        ub1_0.user_id=?
2025-10-28 00:28:01.107 [http-nio-8080-exec-7] DEBUG org.hibernate.SQL - 
    select
        ub1_0.user_id,
        ub1_1.id,
        ub1_1.gradient,
        ub1_1.image_url,
        ub1_1.name,
        ub1_1.text_color 
    from
        user_unlocked_backgrounds ub1_0 
    join
        backgrounds ub1_1 
            on ub1_1.id=ub1_0.background_id 
    where
        ub1_0.user_id=?
2025-10-28 00:28:01.107 [http-nio-8080-exec-6] TRACE org.hibernate.orm.jdbc.bind - binding parameter (1:BIGINT) <- [3]
2025-10-28 00:28:01.107 [http-nio-8080-exec-7] TRACE org.hibernate.orm.jdbc.bind - binding parameter (1:BIGINT) <- [7]
2025-10-28 00:28:01.108 [http-nio-8080-exec-6] DEBUG org.hibernate.SQL - 
    select
        b1_0.id,
        b1_0.gradient,
        b1_0.image_url,
        b1_0.name,
        b1_0.text_color 
    from
        backgrounds b1_0 
    where
        b1_0.id=?
2025-10-28 00:28:01.108 [http-nio-8080-exec-7] DEBUG org.hibernate.SQL - 
    select
        b1_0.id,
        b1_0.gradient,
        b1_0.image_url,
        b1_0.name,
        b1_0.text_color 
    from
        backgrounds b1_0 
    where
        b1_0.id=?
2025-10-28 00:28:01.108 [http-nio-8080-exec-6] TRACE org.hibernate.orm.jdbc.bind - binding parameter (1:BIGINT) <- [1]
2025-10-28 00:28:01.109 [http-nio-8080-exec-7] TRACE org.hibernate.orm.jdbc.bind - binding parameter (1:BIGINT) <- [2]
2025-10-28 00:28:01.109 [http-nio-8080-exec-7] DEBUG org.hibernate.SQL - 
    select
        b1_0.user_id,
        b1_1.id,
        b1_1.description,
        b1_1.icon,
        b1_1.name 
    from
        user_badges b1_0 
    join
        badges b1_1 
            on b1_1.id=b1_0.badge_id 
    where
        b1_0.user_id=?
2025-10-28 00:28:01.109 [http-nio-8080-exec-6] DEBUG org.hibernate.SQL - 
    select
        b1_0.user_id,
        b1_1.id,
        b1_1.description,
        b1_1.icon,
        b1_1.name 
    from
        user_badges b1_0 
    join
        badges b1_1 
            on b1_1.id=b1_0.badge_id 
    where
        b1_0.user_id=?
2025-10-28 00:28:01.110 [http-nio-8080-exec-7] TRACE org.hibernate.orm.jdbc.bind - binding parameter (1:BIGINT) <- [8]
2025-10-28 00:28:01.110 [http-nio-8080-exec-6] TRACE org.hibernate.orm.jdbc.bind - binding parameter (1:BIGINT) <- [4]
2025-10-28 00:28:01.111 [http-nio-8080-exec-7] DEBUG org.hibernate.SQL - 
    select
        ub1_0.user_id,
        ub1_1.id,
        ub1_1.gradient,
        ub1_1.image_url,
        ub1_1.name,
        ub1_1.text_color 
    from
        user_unlocked_backgrounds ub1_0 
    join
        backgrounds ub1_1 
            on ub1_1.id=ub1_0.background_id 
    where
        ub1_0.user_id=?
2025-10-28 00:28:01.111 [http-nio-8080-exec-6] DEBUG org.hibernate.SQL - 
    select
        ub1_0.user_id,
        ub1_1.id,
        ub1_1.gradient,
        ub1_1.image_url,
        ub1_1.name,
        ub1_1.text_color 
    from
        user_unlocked_backgrounds ub1_0 
    join
        backgrounds ub1_1 
            on ub1_1.id=ub1_0.background_id 
    where
        ub1_0.user_id=?
2025-10-28 00:28:01.111 [http-nio-8080-exec-7] TRACE org.hibernate.orm.jdbc.bind - binding parameter (1:BIGINT) <- [8]
2025-10-28 00:28:01.112 [http-nio-8080-exec-6] TRACE org.hibernate.orm.jdbc.bind - binding parameter (1:BIGINT) <- [4]
2025-10-28 00:28:01.115 [http-nio-8080-exec-6] DEBUG org.hibernate.SQL - 
    select
        u1_0.id,
        u1_0.avatar,
        u1_0.email,
        u1_0.group_id,
        u1_0.level,
        u1_0.name,
        u1_0.password,
        u1_0.role,
        u1_0.selected_background_id,
        u1_0.surname,
        u1_0.xp 
    from
        users u1_0 
    left join
        groups g1_0 
            on g1_0.id=u1_0.group_id 
    where
        g1_0.id=?
2025-10-28 00:28:01.116 [http-nio-8080-exec-6] TRACE org.hibernate.orm.jdbc.bind - binding parameter (1:BIGINT) <- [3]
2025-10-28 00:28:01.118 [http-nio-8080-exec-6] DEBUG org.hibernate.SQL - 
    select
        b1_0.user_id,
        b1_1.id,
        b1_1.description,
        b1_1.icon,
        b1_1.name 
    from
        user_badges b1_0 
    join
        badges b1_1 
            on b1_1.id=b1_0.badge_id 
    where
        b1_0.user_id=?
2025-10-28 00:28:01.119 [http-nio-8080-exec-6] TRACE org.hibernate.orm.jdbc.bind - binding parameter (1:BIGINT) <- [5]
2025-10-28 00:28:01.120 [http-nio-8080-exec-6] DEBUG org.hibernate.SQL - 
    select
        ub1_0.user_id,
        ub1_1.id,
        ub1_1.gradient,
        ub1_1.image_url,
        ub1_1.name,
        ub1_1.text_color 
    from
        user_unlocked_backgrounds ub1_0 
    join
        backgrounds ub1_1 
            on ub1_1.id=ub1_0.background_id 
    where
        ub1_0.user_id=?
2025-10-28 00:28:01.121 [http-nio-8080-exec-6] TRACE org.hibernate.orm.jdbc.bind - binding parameter (1:BIGINT) <- [5]
2025-10-28 00:28:01.122 [http-nio-8080-exec-6] DEBUG org.hibernate.SQL - 
    select
        b1_0.user_id,
        b1_1.id,
        b1_1.description,
        b1_1.icon,
        b1_1.name 
    from
        user_badges b1_0 
    join
        badges b1_1 
            on b1_1.id=b1_0.badge_id 
    where
        b1_0.user_id=?
2025-10-28 00:28:01.123 [http-nio-8080-exec-6] TRACE org.hibernate.orm.jdbc.bind - binding parameter (1:BIGINT) <- [6]
2025-10-28 00:28:01.123 [http-nio-8080-exec-6] DEBUG org.hibernate.SQL - 
    select
        ub1_0.user_id,
        ub1_1.id,
        ub1_1.gradient,
        ub1_1.image_url,
        ub1_1.name,
        ub1_1.text_color 
    from
        user_unlocked_backgrounds ub1_0 
    join
        backgrounds ub1_1 
            on ub1_1.id=ub1_0.background_id 
    where
        ub1_0.user_id=?
2025-10-28 00:28:01.124 [http-nio-8080-exec-6] TRACE org.hibernate.orm.jdbc.bind - binding parameter (1:BIGINT) <- [6]
2025-10-28 00:28:01.124 [http-nio-8080-exec-6] DEBUG org.hibernate.SQL - 
    select
        b1_0.id,
        b1_0.gradient,
        b1_0.image_url,
        b1_0.name,
        b1_0.text_color 
    from
        backgrounds b1_0 
    where
        b1_0.id=?
2025-10-28 00:28:01.125 [http-nio-8080-exec-6] TRACE org.hibernate.orm.jdbc.bind - binding parameter (1:BIGINT) <- [2]
2025-10-28 00:28:01.125 [http-nio-8080-exec-6] DEBUG org.hibernate.SQL - 
    select
        b1_0.user_id,
        b1_1.id,
        b1_1.description,
        b1_1.icon,
        b1_1.name 
    from
        user_badges b1_0 
    join
        badges b1_1 
            on b1_1.id=b1_0.badge_id 
    where
        b1_0.user_id=?
2025-10-28 00:28:01.126 [http-nio-8080-exec-6] TRACE org.hibernate.orm.jdbc.bind - binding parameter (1:BIGINT) <- [8]
2025-10-28 00:28:01.127 [http-nio-8080-exec-6] DEBUG org.hibernate.SQL - 
    select
        ub1_0.user_id,
        ub1_1.id,
        ub1_1.gradient,
        ub1_1.image_url,
        ub1_1.name,
        ub1_1.text_color 
    from
        user_unlocked_backgrounds ub1_0 
    join
        backgrounds ub1_1 
            on ub1_1.id=ub1_0.background_id 
    where
        ub1_0.user_id=?
2025-10-28 00:28:01.128 [http-nio-8080-exec-6] TRACE org.hibernate.orm.jdbc.bind - binding parameter (1:BIGINT) <- [8]
2025-10-28 00:28:01.131 [http-nio-8080-exec-6] DEBUG org.hibernate.SQL - 
    select
        u1_0.id,
        u1_0.avatar,
        u1_0.email,
        u1_0.group_id,
        u1_0.level,
        u1_0.name,
        u1_0.password,
        u1_0.role,
        u1_0.selected_background_id,
        u1_0.surname,
        u1_0.xp 
    from
        users u1_0 
    left join
        groups g1_0 
            on g1_0.id=u1_0.group_id 
    where
        g1_0.id=?
2025-10-28 00:28:01.132 [http-nio-8080-exec-6] TRACE org.hibernate.orm.jdbc.bind - binding parameter (1:BIGINT) <- [4]
2025-10-28 00:28:17.510 [http-nio-8080-exec-9] DEBUG org.hibernate.SQL - 
    select
        u1_0.id,
        u1_0.avatar,
        u1_0.email,
        u1_0.group_id,
        u1_0.level,
        u1_0.name,
        u1_0.password,
        u1_0.role,
        u1_0.selected_background_id,
        u1_0.surname,
        u1_0.xp 
    from
        users u1_0 
    where
        u1_0.email=?
2025-10-28 00:28:17.511 [http-nio-8080-exec-9] TRACE org.hibernate.orm.jdbc.bind - binding parameter (1:VARCHAR) <- [new@gmail.com]
2025-10-28 00:28:17.573 [http-nio-8080-exec-9] DEBUG org.hibernate.SQL - 
    select
        u1_0.id,
        u1_0.avatar,
        u1_0.email,
        u1_0.group_id,
        u1_0.level,
        u1_0.name,
        u1_0.password,
        u1_0.role,
        u1_0.selected_background_id,
        u1_0.surname,
        u1_0.xp 
    from
        users u1_0 
    where
        u1_0.email=?
2025-10-28 00:28:17.573 [http-nio-8080-exec-9] TRACE org.hibernate.orm.jdbc.bind - binding parameter (1:VARCHAR) <- [new@gmail.com]
2025-10-28 00:28:17.649 [http-nio-8080-exec-2] DEBUG org.hibernate.SQL - 
    select
        u1_0.id,
        u1_0.avatar,
        u1_0.email,
        u1_0.group_id,
        u1_0.level,
        u1_0.name,
        u1_0.password,
        u1_0.role,
        u1_0.selected_background_id,
        u1_0.surname,
        u1_0.xp 
    from
        users u1_0 
    where
        u1_0.email=?
2025-10-28 00:28:17.649 [http-nio-8080-exec-7] DEBUG org.hibernate.SQL - 
    select
        u1_0.id,
        u1_0.avatar,
        u1_0.email,
        u1_0.group_id,
        u1_0.level,
        u1_0.name,
        u1_0.password,
        u1_0.role,
        u1_0.selected_background_id,
        u1_0.surname,
        u1_0.xp 
    from
        users u1_0 
    where
        u1_0.email=?
2025-10-28 00:28:17.649 [http-nio-8080-exec-6] DEBUG org.hibernate.SQL - 
    select
        u1_0.id,
        u1_0.avatar,
        u1_0.email,
        u1_0.group_id,
        u1_0.level,
        u1_0.name,
        u1_0.password,
        u1_0.role,
        u1_0.selected_background_id,
        u1_0.surname,
        u1_0.xp 
    from
        users u1_0 
    where
        u1_0.email=?
2025-10-28 00:28:17.649 [http-nio-8080-exec-4] DEBUG org.hibernate.SQL - 
    select
        u1_0.id,
        u1_0.avatar,
        u1_0.email,
        u1_0.group_id,
        u1_0.level,
        u1_0.name,
        u1_0.password,
        u1_0.role,
        u1_0.selected_background_id,
        u1_0.surname,
        u1_0.xp 
    from
        users u1_0 
    where
        u1_0.email=?
2025-10-28 00:28:17.650 [http-nio-8080-exec-2] TRACE org.hibernate.orm.jdbc.bind - binding parameter (1:VARCHAR) <- [new@gmail.com]
2025-10-28 00:28:17.650 [http-nio-8080-exec-7] TRACE org.hibernate.orm.jdbc.bind - binding parameter (1:VARCHAR) <- [new@gmail.com]
2025-10-28 00:28:17.651 [http-nio-8080-exec-6] TRACE org.hibernate.orm.jdbc.bind - binding parameter (1:VARCHAR) <- [new@gmail.com]
2025-10-28 00:28:17.651 [http-nio-8080-exec-4] TRACE org.hibernate.orm.jdbc.bind - binding parameter (1:VARCHAR) <- [new@gmail.com]
2025-10-28 00:28:17.659 [http-nio-8080-exec-7] DEBUG org.hibernate.SQL - 
    select
        g1_0.id,
        g1_0.leader_id,
        g1_0.name 
    from
        groups g1_0 
    limit
        ?, ?
2025-10-28 00:28:17.659 [http-nio-8080-exec-4] DEBUG org.hibernate.SQL - 
    select
        u1_0.id,
        u1_0.avatar,
        u1_0.email,
        u1_0.group_id,
        u1_0.level,
        u1_0.name,
        u1_0.password,
        u1_0.role,
        u1_0.selected_background_id,
        u1_0.surname,
        u1_0.xp 
    from
        users u1_0 
    where
        u1_0.role=?
2025-10-28 00:28:17.660 [http-nio-8080-exec-7] TRACE org.hibernate.orm.jdbc.bind - binding parameter (1:INTEGER) <- [0]
2025-10-28 00:28:17.660 [http-nio-8080-exec-4] TRACE org.hibernate.orm.jdbc.bind - binding parameter (1:ENUM) <- [DESBRAVADOR]
2025-10-28 00:28:17.660 [http-nio-8080-exec-7] TRACE org.hibernate.orm.jdbc.bind - binding parameter (2:INTEGER) <- [1]
2025-10-28 00:28:17.661 [http-nio-8080-exec-7] DEBUG org.hibernate.SQL - 
    select
        u1_0.id,
        u1_0.avatar,
        u1_0.email,
        u1_0.group_id,
        u1_0.level,
        u1_0.name,
        u1_0.password,
        u1_0.role,
        u1_0.selected_background_id,
        u1_0.surname,
        u1_0.xp 
    from
        users u1_0 
    where
        u1_0.id=?
2025-10-28 00:28:17.662 [http-nio-8080-exec-7] TRACE org.hibernate.orm.jdbc.bind - binding parameter (1:BIGINT) <- [2]
2025-10-28 00:28:17.662 [http-nio-8080-exec-2] DEBUG org.hibernate.SQL - 
    select
        t1_0.id,
        t1_0.date,
        t1_0.description,
        t1_0.time,
        t1_0.title 
    from
        tasks t1_0 
    where
        t1_0.date between ? and ?
2025-10-28 00:28:17.662 [http-nio-8080-exec-4] DEBUG org.hibernate.SQL - 
    select
        b1_0.user_id,
        b1_1.id,
        b1_1.description,
        b1_1.icon,
        b1_1.name 
    from
        user_badges b1_0 
    join
        badges b1_1 
            on b1_1.id=b1_0.badge_id 
    where
        b1_0.user_id=?
2025-10-28 00:28:17.663 [http-nio-8080-exec-2] TRACE org.hibernate.orm.jdbc.bind - binding parameter (1:DATE) <- [2025-10-01]
2025-10-28 00:28:17.664 [http-nio-8080-exec-4] TRACE org.hibernate.orm.jdbc.bind - binding parameter (1:BIGINT) <- [4]
2025-10-28 00:28:17.664 [http-nio-8080-exec-2] TRACE org.hibernate.orm.jdbc.bind - binding parameter (2:DATE) <- [2025-10-31]
2025-10-28 00:28:17.665 [http-nio-8080-exec-4] DEBUG org.hibernate.SQL - 
    select
        b1_0.user_id,
        b1_1.id,
        b1_1.description,
        b1_1.icon,
        b1_1.name 
    from
        user_badges b1_0 
    join
        badges b1_1 
            on b1_1.id=b1_0.badge_id 
    where
        b1_0.user_id=?
2025-10-28 00:28:17.665 [http-nio-8080-exec-4] TRACE org.hibernate.orm.jdbc.bind - binding parameter (1:BIGINT) <- [5]
2025-10-28 00:28:17.668 [http-nio-8080-exec-4] DEBUG org.hibernate.SQL - 
    select
        b1_0.user_id,
        b1_1.id,
        b1_1.description,
        b1_1.icon,
        b1_1.name 
    from
        user_badges b1_0 
    join
        badges b1_1 
            on b1_1.id=b1_0.badge_id 
    where
        b1_0.user_id=?
2025-10-28 00:28:17.669 [http-nio-8080-exec-7] DEBUG org.hibernate.SQL - 
    select
        count(g1_0.id) 
    from
        groups g1_0
2025-10-28 00:28:17.669 [http-nio-8080-exec-4] TRACE org.hibernate.orm.jdbc.bind - binding parameter (1:BIGINT) <- [7]
2025-10-28 00:28:17.671 [http-nio-8080-exec-4] DEBUG org.hibernate.SQL - 
    select
        b1_0.user_id,
        b1_1.id,
        b1_1.description,
        b1_1.icon,
        b1_1.name 
    from
        user_badges b1_0 
    join
        badges b1_1 
            on b1_1.id=b1_0.badge_id 
    where
        b1_0.user_id=?
2025-10-28 00:28:17.671 [http-nio-8080-exec-4] TRACE org.hibernate.orm.jdbc.bind - binding parameter (1:BIGINT) <- [8]
2025-10-28 00:28:17.672 [http-nio-8080-exec-7] DEBUG org.hibernate.SQL - 
    select
        u1_0.id,
        u1_0.avatar,
        u1_0.email,
        u1_0.group_id,
        u1_0.level,
        u1_0.name,
        u1_0.password,
        u1_0.role,
        u1_0.selected_background_id,
        u1_0.surname,
        u1_0.xp 
    from
        users u1_0 
    left join
        groups g1_0 
            on g1_0.id=u1_0.group_id 
    where
        g1_0.id=?
2025-10-28 00:28:17.673 [http-nio-8080-exec-7] TRACE org.hibernate.orm.jdbc.bind - binding parameter (1:BIGINT) <- [1]
2025-10-28 00:28:17.674 [http-nio-8080-exec-7] DEBUG org.hibernate.SQL - 
    select
        b1_0.user_id,
        b1_1.id,
        b1_1.description,
        b1_1.icon,
        b1_1.name 
    from
        user_badges b1_0 
    join
        badges b1_1 
            on b1_1.id=b1_0.badge_id 
    where
        b1_0.user_id=?
2025-10-28 00:28:17.675 [http-nio-8080-exec-7] TRACE org.hibernate.orm.jdbc.bind - binding parameter (1:BIGINT) <- [2]
2025-10-28 00:28:17.676 [http-nio-8080-exec-7] DEBUG org.hibernate.SQL - 
    select
        ub1_0.user_id,
        ub1_1.id,
        ub1_1.gradient,
        ub1_1.image_url,
        ub1_1.name,
        ub1_1.text_color 
    from
        user_unlocked_backgrounds ub1_0 
    join
        backgrounds ub1_1 
            on ub1_1.id=ub1_0.background_id 
    where
        ub1_0.user_id=?
2025-10-28 00:28:17.677 [http-nio-8080-exec-7] TRACE org.hibernate.orm.jdbc.bind - binding parameter (1:BIGINT) <- [2]
2025-10-28 00:28:17.680 [http-nio-8080-exec-9] DEBUG org.hibernate.SQL - 
    select
        u1_0.id,
        u1_0.avatar,
        u1_0.email,
        u1_0.group_id,
        u1_0.level,
        u1_0.name,
        u1_0.password,
        u1_0.role,
        u1_0.selected_background_id,
        u1_0.surname,
        u1_0.xp 
    from
        users u1_0 
    where
        u1_0.email=?
2025-10-28 00:28:17.681 [http-nio-8080-exec-9] TRACE org.hibernate.orm.jdbc.bind - binding parameter (1:VARCHAR) <- [new@gmail.com]
2025-10-28 00:28:17.689 [http-nio-8080-exec-9] DEBUG org.hibernate.SQL - 
    select
        t1_0.id,
        t1_0.date,
        t1_0.description,
        t1_0.time,
        t1_0.title 
    from
        tasks t1_0 
    where
        t1_0.date between ? and ?
2025-10-28 00:28:17.690 [http-nio-8080-exec-9] TRACE org.hibernate.orm.jdbc.bind - binding parameter (1:DATE) <- [2025-10-01]
2025-10-28 00:28:17.690 [http-nio-8080-exec-9] TRACE org.hibernate.orm.jdbc.bind - binding parameter (2:DATE) <- [2025-10-31]
2025-10-28 00:28:30.413 [http-nio-8080-exec-8] DEBUG org.hibernate.SQL - 
    select
        u1_0.id,
        u1_0.avatar,
        u1_0.email,
        u1_0.group_id,
        u1_0.level,
        u1_0.name,
        u1_0.password,
        u1_0.role,
        u1_0.selected_background_id,
        u1_0.surname,
        u1_0.xp 
    from
        users u1_0 
    where
        u1_0.email=?
2025-10-28 00:28:30.414 [http-nio-8080-exec-8] TRACE org.hibernate.orm.jdbc.bind - binding parameter (1:VARCHAR) <- [mais@gmail.com]
2025-10-28 00:28:30.478 [http-nio-8080-exec-8] DEBUG org.hibernate.SQL - 
    select
        u1_0.id,
        u1_0.avatar,
        u1_0.email,
        u1_0.group_id,
        u1_0.level,
        u1_0.name,
        u1_0.password,
        u1_0.role,
        u1_0.selected_background_id,
        u1_0.surname,
        u1_0.xp 
    from
        users u1_0 
    where
        u1_0.email=?
2025-10-28 00:28:30.479 [http-nio-8080-exec-8] TRACE org.hibernate.orm.jdbc.bind - binding parameter (1:VARCHAR) <- [mais@gmail.com]
2025-10-28 00:28:30.541 [http-nio-8080-exec-1] DEBUG org.hibernate.SQL - 
    select
        u1_0.id,
        u1_0.avatar,
        u1_0.email,
        u1_0.group_id,
        u1_0.level,
        u1_0.name,
        u1_0.password,
        u1_0.role,
        u1_0.selected_background_id,
        u1_0.surname,
        u1_0.xp 
    from
        users u1_0 
    where
        u1_0.email=?
2025-10-28 00:28:30.541 [http-nio-8080-exec-5] DEBUG org.hibernate.SQL - 
    select
        u1_0.id,
        u1_0.avatar,
        u1_0.email,
        u1_0.group_id,
        u1_0.level,
        u1_0.name,
        u1_0.password,
        u1_0.role,
        u1_0.selected_background_id,
        u1_0.surname,
        u1_0.xp 
    from
        users u1_0 
    where
        u1_0.email=?
2025-10-28 00:28:30.541 [http-nio-8080-exec-3] DEBUG org.hibernate.SQL - 
    select
        u1_0.id,
        u1_0.avatar,
        u1_0.email,
        u1_0.group_id,
        u1_0.level,
        u1_0.name,
        u1_0.password,
        u1_0.role,
        u1_0.selected_background_id,
        u1_0.surname,
        u1_0.xp 
    from
        users u1_0 
    where
        u1_0.email=?
2025-10-28 00:28:30.541 [http-nio-8080-exec-10] DEBUG org.hibernate.SQL - 
    select
        u1_0.id,
        u1_0.avatar,
        u1_0.email,
        u1_0.group_id,
        u1_0.level,
        u1_0.name,
        u1_0.password,
        u1_0.role,
        u1_0.selected_background_id,
        u1_0.surname,
        u1_0.xp 
    from
        users u1_0 
    where
        u1_0.email=?
2025-10-28 00:28:30.542 [http-nio-8080-exec-1] TRACE org.hibernate.orm.jdbc.bind - binding parameter (1:VARCHAR) <- [mais@gmail.com]
2025-10-28 00:28:30.543 [http-nio-8080-exec-5] TRACE org.hibernate.orm.jdbc.bind - binding parameter (1:VARCHAR) <- [mais@gmail.com]
2025-10-28 00:28:30.543 [http-nio-8080-exec-3] TRACE org.hibernate.orm.jdbc.bind - binding parameter (1:VARCHAR) <- [mais@gmail.com]
2025-10-28 00:28:30.543 [http-nio-8080-exec-10] TRACE org.hibernate.orm.jdbc.bind - binding parameter (1:VARCHAR) <- [mais@gmail.com]
2025-10-28 00:28:30.550 [http-nio-8080-exec-1] DEBUG org.hibernate.SQL - 
    select
        g1_0.id,
        g1_0.leader_id,
        g1_0.name 
    from
        groups g1_0 
    limit
        ?, ?
2025-10-28 00:28:30.550 [http-nio-8080-exec-10] DEBUG org.hibernate.SQL - 
    select
        t1_0.id,
        t1_0.date,
        t1_0.description,
        t1_0.time,
        t1_0.title 
    from
        tasks t1_0 
    where
        t1_0.date between ? and ?
2025-10-28 00:28:30.551 [http-nio-8080-exec-3] DEBUG org.hibernate.SQL - 
    select
        u1_0.id,
        u1_0.avatar,
        u1_0.email,
        u1_0.group_id,
        u1_0.level,
        u1_0.name,
        u1_0.password,
        u1_0.role,
        u1_0.selected_background_id,
        u1_0.surname,
        u1_0.xp 
    from
        users u1_0 
    where
        u1_0.role=?
2025-10-28 00:28:30.551 [http-nio-8080-exec-1] TRACE org.hibernate.orm.jdbc.bind - binding parameter (1:INTEGER) <- [0]
2025-10-28 00:28:30.552 [http-nio-8080-exec-10] TRACE org.hibernate.orm.jdbc.bind - binding parameter (1:DATE) <- [2025-10-01]
2025-10-28 00:28:30.552 [http-nio-8080-exec-1] TRACE org.hibernate.orm.jdbc.bind - binding parameter (2:INTEGER) <- [1]
2025-10-28 00:28:30.552 [http-nio-8080-exec-3] TRACE org.hibernate.orm.jdbc.bind - binding parameter (1:ENUM) <- [DESBRAVADOR]
2025-10-28 00:28:30.553 [http-nio-8080-exec-10] TRACE org.hibernate.orm.jdbc.bind - binding parameter (2:DATE) <- [2025-10-31]
2025-10-28 00:28:30.554 [http-nio-8080-exec-1] DEBUG org.hibernate.SQL - 
    select
        u1_0.id,
        u1_0.avatar,
        u1_0.email,
        u1_0.group_id,
        u1_0.level,
        u1_0.name,
        u1_0.password,
        u1_0.role,
        u1_0.selected_background_id,
        u1_0.surname,
        u1_0.xp 
    from
        users u1_0 
    where
        u1_0.id=?
2025-10-28 00:28:30.555 [http-nio-8080-exec-1] TRACE org.hibernate.orm.jdbc.bind - binding parameter (1:BIGINT) <- [2]
2025-10-28 00:28:30.555 [http-nio-8080-exec-3] DEBUG org.hibernate.SQL - 
    select
        b1_0.user_id,
        b1_1.id,
        b1_1.description,
        b1_1.icon,
        b1_1.name 
    from
        user_badges b1_0 
    join
        badges b1_1 
            on b1_1.id=b1_0.badge_id 
    where
        b1_0.user_id=?
2025-10-28 00:28:30.555 [http-nio-8080-exec-3] TRACE org.hibernate.orm.jdbc.bind - binding parameter (1:BIGINT) <- [4]
2025-10-28 00:28:30.556 [http-nio-8080-exec-3] DEBUG org.hibernate.SQL - 
    select
        b1_0.user_id,
        b1_1.id,
        b1_1.description,
        b1_1.icon,
        b1_1.name 
    from
        user_badges b1_0 
    join
        badges b1_1 
            on b1_1.id=b1_0.badge_id 
    where
        b1_0.user_id=?
2025-10-28 00:28:30.557 [http-nio-8080-exec-1] DEBUG org.hibernate.SQL - 
    select
        count(g1_0.id) 
    from
        groups g1_0
2025-10-28 00:28:30.557 [http-nio-8080-exec-3] TRACE org.hibernate.orm.jdbc.bind - binding parameter (1:BIGINT) <- [5]
2025-10-28 00:28:30.558 [http-nio-8080-exec-3] DEBUG org.hibernate.SQL - 
    select
        b1_0.user_id,
        b1_1.id,
        b1_1.description,
        b1_1.icon,
        b1_1.name 
    from
        user_badges b1_0 
    join
        badges b1_1 
            on b1_1.id=b1_0.badge_id 
    where
        b1_0.user_id=?
2025-10-28 00:28:30.558 [http-nio-8080-exec-3] TRACE org.hibernate.orm.jdbc.bind - binding parameter (1:BIGINT) <- [7]
2025-10-28 00:28:30.559 [http-nio-8080-exec-1] DEBUG org.hibernate.SQL - 
    select
        u1_0.id,
        u1_0.avatar,
        u1_0.email,
        u1_0.group_id,
        u1_0.level,
        u1_0.name,
        u1_0.password,
        u1_0.role,
        u1_0.selected_background_id,
        u1_0.surname,
        u1_0.xp 
    from
        users u1_0 
    left join
        groups g1_0 
            on g1_0.id=u1_0.group_id 
    where
        g1_0.id=?
2025-10-28 00:28:30.559 [http-nio-8080-exec-3] DEBUG org.hibernate.SQL - 
    select
        b1_0.user_id,
        b1_1.id,
        b1_1.description,
        b1_1.icon,
        b1_1.name 
    from
        user_badges b1_0 
    join
        badges b1_1 
            on b1_1.id=b1_0.badge_id 
    where
        b1_0.user_id=?
2025-10-28 00:28:30.560 [http-nio-8080-exec-1] TRACE org.hibernate.orm.jdbc.bind - binding parameter (1:BIGINT) <- [1]
2025-10-28 00:28:30.560 [http-nio-8080-exec-3] TRACE org.hibernate.orm.jdbc.bind - binding parameter (1:BIGINT) <- [8]
2025-10-28 00:28:30.560 [http-nio-8080-exec-2] DEBUG org.hibernate.SQL - 
    select
        u1_0.id,
        u1_0.avatar,
        u1_0.email,
        u1_0.group_id,
        u1_0.level,
        u1_0.name,
        u1_0.password,
        u1_0.role,
        u1_0.selected_background_id,
        u1_0.surname,
        u1_0.xp 
    from
        users u1_0 
    where
        u1_0.email=?
2025-10-28 00:28:30.561 [http-nio-8080-exec-2] TRACE org.hibernate.orm.jdbc.bind - binding parameter (1:VARCHAR) <- [mais@gmail.com]
2025-10-28 00:28:30.561 [http-nio-8080-exec-1] DEBUG org.hibernate.SQL - 
    select
        b1_0.user_id,
        b1_1.id,
        b1_1.description,
        b1_1.icon,
        b1_1.name 
    from
        user_badges b1_0 
    join
        badges b1_1 
            on b1_1.id=b1_0.badge_id 
    where
        b1_0.user_id=?
2025-10-28 00:28:30.562 [http-nio-8080-exec-1] TRACE org.hibernate.orm.jdbc.bind - binding parameter (1:BIGINT) <- [2]
2025-10-28 00:28:30.563 [http-nio-8080-exec-1] DEBUG org.hibernate.SQL - 
    select
        ub1_0.user_id,
        ub1_1.id,
        ub1_1.gradient,
        ub1_1.image_url,
        ub1_1.name,
        ub1_1.text_color 
    from
        user_unlocked_backgrounds ub1_0 
    join
        backgrounds ub1_1 
            on ub1_1.id=ub1_0.background_id 
    where
        ub1_0.user_id=?
2025-10-28 00:28:30.563 [http-nio-8080-exec-1] TRACE org.hibernate.orm.jdbc.bind - binding parameter (1:BIGINT) <- [2]
2025-10-28 00:28:30.568 [http-nio-8080-exec-2] DEBUG org.hibernate.SQL - 
    select
        t1_0.id,
        t1_0.date,
        t1_0.description,
        t1_0.time,
        t1_0.title 
    from
        tasks t1_0 
    where
        t1_0.date between ? and ?
2025-10-28 00:28:30.569 [http-nio-8080-exec-2] TRACE org.hibernate.orm.jdbc.bind - binding parameter (1:DATE) <- [2025-10-01]
2025-10-28 00:28:30.569 [http-nio-8080-exec-2] TRACE org.hibernate.orm.jdbc.bind - binding parameter (2:DATE) <- [2025-10-31]
2025-10-28 00:31:47.900 [http-nio-8080-exec-5] DEBUG org.hibernate.SQL - 
    select
        u1_0.id,
        u1_0.avatar,
        u1_0.email,
        u1_0.group_id,
        u1_0.level,
        u1_0.name,
        u1_0.password,
        u1_0.role,
        u1_0.selected_background_id,
        u1_0.surname,
        u1_0.xp 
    from
        users u1_0 
    where
        u1_0.email=?
2025-10-28 00:31:47.901 [http-nio-8080-exec-5] TRACE org.hibernate.orm.jdbc.bind - binding parameter (1:VARCHAR) <- [mais@gmail.com]
2025-10-28 00:31:47.964 [http-nio-8080-exec-5] DEBUG org.hibernate.SQL - 
    select
        u1_0.id,
        u1_0.avatar,
        u1_0.email,
        u1_0.group_id,
        u1_0.level,
        u1_0.name,
        u1_0.password,
        u1_0.role,
        u1_0.selected_background_id,
        u1_0.surname,
        u1_0.xp 
    from
        users u1_0 
    where
        u1_0.email=?
2025-10-28 00:31:47.965 [http-nio-8080-exec-5] TRACE org.hibernate.orm.jdbc.bind - binding parameter (1:VARCHAR) <- [mais@gmail.com]
2025-10-28 00:31:48.048 [http-nio-8080-exec-3] DEBUG org.hibernate.SQL - 
    select
        u1_0.id,
        u1_0.avatar,
        u1_0.email,
        u1_0.group_id,
        u1_0.level,
        u1_0.name,
        u1_0.password,
        u1_0.role,
        u1_0.selected_background_id,
        u1_0.surname,
        u1_0.xp 
    from
        users u1_0 
    where
        u1_0.email=?
2025-10-28 00:31:48.048 [http-nio-8080-exec-10] DEBUG org.hibernate.SQL - 
    select
        u1_0.id,
        u1_0.avatar,
        u1_0.email,
        u1_0.group_id,
        u1_0.level,
        u1_0.name,
        u1_0.password,
        u1_0.role,
        u1_0.selected_background_id,
        u1_0.surname,
        u1_0.xp 
    from
        users u1_0 
    where
        u1_0.email=?
2025-10-28 00:31:48.048 [http-nio-8080-exec-1] DEBUG org.hibernate.SQL - 
    select
        u1_0.id,
        u1_0.avatar,
        u1_0.email,
        u1_0.group_id,
        u1_0.level,
        u1_0.name,
        u1_0.password,
        u1_0.role,
        u1_0.selected_background_id,
        u1_0.surname,
        u1_0.xp 
    from
        users u1_0 
    where
        u1_0.email=?
2025-10-28 00:31:48.050 [http-nio-8080-exec-3] TRACE org.hibernate.orm.jdbc.bind - binding parameter (1:VARCHAR) <- [mais@gmail.com]
2025-10-28 00:31:48.050 [http-nio-8080-exec-1] TRACE org.hibernate.orm.jdbc.bind - binding parameter (1:VARCHAR) <- [mais@gmail.com]
2025-10-28 00:31:48.050 [http-nio-8080-exec-10] TRACE org.hibernate.orm.jdbc.bind - binding parameter (1:VARCHAR) <- [mais@gmail.com]
2025-10-28 00:31:48.057 [http-nio-8080-exec-1] DEBUG org.hibernate.SQL - 
    select
        g1_0.id,
        g1_0.leader_id,
        g1_0.name 
    from
        groups g1_0 
    limit
        ?, ?
2025-10-28 00:31:48.057 [http-nio-8080-exec-10] DEBUG org.hibernate.SQL - 
    select
        t1_0.id,
        t1_0.date,
        t1_0.description,
        t1_0.time,
        t1_0.title 
    from
        tasks t1_0 
    where
        t1_0.date between ? and ?
2025-10-28 00:31:48.057 [http-nio-8080-exec-3] DEBUG org.hibernate.SQL - 
    select
        u1_0.id,
        u1_0.avatar,
        u1_0.email,
        u1_0.group_id,
        u1_0.level,
        u1_0.name,
        u1_0.password,
        u1_0.role,
        u1_0.selected_background_id,
        u1_0.surname,
        u1_0.xp 
    from
        users u1_0 
    where
        u1_0.role=?
2025-10-28 00:31:48.058 [http-nio-8080-exec-1] TRACE org.hibernate.orm.jdbc.bind - binding parameter (1:INTEGER) <- [0]
2025-10-28 00:31:48.058 [http-nio-8080-exec-1] TRACE org.hibernate.orm.jdbc.bind - binding parameter (2:INTEGER) <- [1]
2025-10-28 00:31:48.058 [http-nio-8080-exec-10] TRACE org.hibernate.orm.jdbc.bind - binding parameter (1:DATE) <- [2025-10-01]
2025-10-28 00:31:48.058 [http-nio-8080-exec-3] TRACE org.hibernate.orm.jdbc.bind - binding parameter (1:ENUM) <- [DESBRAVADOR]
2025-10-28 00:31:48.058 [http-nio-8080-exec-10] TRACE org.hibernate.orm.jdbc.bind - binding parameter (2:DATE) <- [2025-10-31]
2025-10-28 00:31:48.059 [http-nio-8080-exec-1] DEBUG org.hibernate.SQL - 
    select
        u1_0.id,
        u1_0.avatar,
        u1_0.email,
        u1_0.group_id,
        u1_0.level,
        u1_0.name,
        u1_0.password,
        u1_0.role,
        u1_0.selected_background_id,
        u1_0.surname,
        u1_0.xp 
    from
        users u1_0 
    where
        u1_0.id=?
2025-10-28 00:31:48.060 [http-nio-8080-exec-3] DEBUG org.hibernate.SQL - 
    select
        b1_0.user_id,
        b1_1.id,
        b1_1.description,
        b1_1.icon,
        b1_1.name 
    from
        user_badges b1_0 
    join
        badges b1_1 
            on b1_1.id=b1_0.badge_id 
    where
        b1_0.user_id=?
2025-10-28 00:31:48.060 [http-nio-8080-exec-1] TRACE org.hibernate.orm.jdbc.bind - binding parameter (1:BIGINT) <- [2]
2025-10-28 00:31:48.060 [http-nio-8080-exec-3] TRACE org.hibernate.orm.jdbc.bind - binding parameter (1:BIGINT) <- [4]
2025-10-28 00:31:48.062 [http-nio-8080-exec-3] DEBUG org.hibernate.SQL - 
    select
        b1_0.user_id,
        b1_1.id,
        b1_1.description,
        b1_1.icon,
        b1_1.name 
    from
        user_badges b1_0 
    join
        badges b1_1 
            on b1_1.id=b1_0.badge_id 
    where
        b1_0.user_id=?
2025-10-28 00:31:48.063 [http-nio-8080-exec-3] TRACE org.hibernate.orm.jdbc.bind - binding parameter (1:BIGINT) <- [5]
2025-10-28 00:31:48.063 [http-nio-8080-exec-1] DEBUG org.hibernate.SQL - 
    select
        count(g1_0.id) 
    from
        groups g1_0
2025-10-28 00:31:48.065 [http-nio-8080-exec-3] DEBUG org.hibernate.SQL - 
    select
        b1_0.user_id,
        b1_1.id,
        b1_1.description,
        b1_1.icon,
        b1_1.name 
    from
        user_badges b1_0 
    join
        badges b1_1 
            on b1_1.id=b1_0.badge_id 
    where
        b1_0.user_id=?
2025-10-28 00:31:48.065 [http-nio-8080-exec-3] TRACE org.hibernate.orm.jdbc.bind - binding parameter (1:BIGINT) <- [7]
2025-10-28 00:31:48.066 [http-nio-8080-exec-1] DEBUG org.hibernate.SQL - 
    select
        u1_0.id,
        u1_0.avatar,
        u1_0.email,
        u1_0.group_id,
        u1_0.level,
        u1_0.name,
        u1_0.password,
        u1_0.role,
        u1_0.selected_background_id,
        u1_0.surname,
        u1_0.xp 
    from
        users u1_0 
    left join
        groups g1_0 
            on g1_0.id=u1_0.group_id 
    where
        g1_0.id=?
2025-10-28 00:31:48.067 [http-nio-8080-exec-3] DEBUG org.hibernate.SQL - 
    select
        b1_0.user_id,
        b1_1.id,
        b1_1.description,
        b1_1.icon,
        b1_1.name 
    from
        user_badges b1_0 
    join
        badges b1_1 
            on b1_1.id=b1_0.badge_id 
    where
        b1_0.user_id=?
2025-10-28 00:31:48.067 [http-nio-8080-exec-1] TRACE org.hibernate.orm.jdbc.bind - binding parameter (1:BIGINT) <- [1]
2025-10-28 00:31:48.067 [http-nio-8080-exec-3] TRACE org.hibernate.orm.jdbc.bind - binding parameter (1:BIGINT) <- [8]
2025-10-28 00:31:48.068 [http-nio-8080-exec-2] DEBUG org.hibernate.SQL - 
    select
        u1_0.id,
        u1_0.avatar,
        u1_0.email,
        u1_0.group_id,
        u1_0.level,
        u1_0.name,
        u1_0.password,
        u1_0.role,
        u1_0.selected_background_id,
        u1_0.surname,
        u1_0.xp 
    from
        users u1_0 
    where
        u1_0.email=?
2025-10-28 00:31:48.068 [http-nio-8080-exec-1] DEBUG org.hibernate.SQL - 
    select
        b1_0.user_id,
        b1_1.id,
        b1_1.description,
        b1_1.icon,
        b1_1.name 
    from
        user_badges b1_0 
    join
        badges b1_1 
            on b1_1.id=b1_0.badge_id 
    where
        b1_0.user_id=?
2025-10-28 00:31:48.069 [http-nio-8080-exec-2] TRACE org.hibernate.orm.jdbc.bind - binding parameter (1:VARCHAR) <- [mais@gmail.com]
2025-10-28 00:31:48.069 [http-nio-8080-exec-1] TRACE org.hibernate.orm.jdbc.bind - binding parameter (1:BIGINT) <- [2]
2025-10-28 00:31:48.069 [http-nio-8080-exec-1] DEBUG org.hibernate.SQL - 
    select
        ub1_0.user_id,
        ub1_1.id,
        ub1_1.gradient,
        ub1_1.image_url,
        ub1_1.name,
        ub1_1.text_color 
    from
        user_unlocked_backgrounds ub1_0 
    join
        backgrounds ub1_1 
            on ub1_1.id=ub1_0.background_id 
    where
        ub1_0.user_id=?
2025-10-28 00:31:48.070 [http-nio-8080-exec-1] TRACE org.hibernate.orm.jdbc.bind - binding parameter (1:BIGINT) <- [2]
2025-10-28 00:31:48.075 [http-nio-8080-exec-2] DEBUG org.hibernate.SQL - 
    select
        t1_0.id,
        t1_0.date,
        t1_0.description,
        t1_0.time,
        t1_0.title 
    from
        tasks t1_0 
    where
        t1_0.date between ? and ?
2025-10-28 00:31:48.076 [http-nio-8080-exec-2] TRACE org.hibernate.orm.jdbc.bind - binding parameter (1:DATE) <- [2025-10-01]
2025-10-28 00:31:48.076 [http-nio-8080-exec-2] TRACE org.hibernate.orm.jdbc.bind - binding parameter (2:DATE) <- [2025-10-31]
2025-10-28 00:43:15.397 [http-nio-8080-exec-9] DEBUG org.hibernate.SQL - 
    select
        u1_0.id,
        u1_0.avatar,
        u1_0.email,
        u1_0.group_id,
        u1_0.level,
        u1_0.name,
        u1_0.password,
        u1_0.role,
        u1_0.selected_background_id,
        u1_0.surname,
        u1_0.xp 
    from
        users u1_0 
    where
        u1_0.email=?
2025-10-28 00:43:15.398 [http-nio-8080-exec-9] TRACE org.hibernate.orm.jdbc.bind - binding parameter (1:VARCHAR) <- [adm@gmail.com]
2025-10-28 00:43:15.461 [http-nio-8080-exec-9] DEBUG org.hibernate.SQL - 
    select
        u1_0.id,
        u1_0.avatar,
        u1_0.email,
        u1_0.group_id,
        u1_0.level,
        u1_0.name,
        u1_0.password,
        u1_0.role,
        u1_0.selected_background_id,
        u1_0.surname,
        u1_0.xp 
    from
        users u1_0 
    where
        u1_0.email=?
2025-10-28 00:43:15.461 [http-nio-8080-exec-9] TRACE org.hibernate.orm.jdbc.bind - binding parameter (1:VARCHAR) <- [adm@gmail.com]
